Case #1:
GCJ
GCJ
GCJ
Case #2:
CODE
CODE
CJAM
Case #3:
CA
KE
Case #4:
A
Case #5:
AAAAAAAABBBBBBBBBBBBBBBBB
AAAAAAAABBBBBBBBBBBBBBBBB
AAAAAAAABBBBBBBBBBBBBBBBB
AAAAAAAABBBBBBBBBBBBBBBBB
AAAAAAAABBBBBBBBBBBBBBBBB
AAAAAAAABBBBBBBBBBBBBBBBB
AAAAAAAABBBBBBBBBBBBBBBBB
AAAAAAAABBBBBBBBBBBBBBBBB
AAAAAAAABBBBBBBBBBBBBBBBB
CCCCCCCCBBBBBBBBBBBBBBBBB
CCCCCCCCDDDDDDDDFHIJJJJJJ
EEEEEEEEDDDDDDDDFHIJJJJJJ
EEEEEEEEDDDDDDDDFHIJJJJJJ
EEEEEEEEDDDDDDDDFHIJJJJJJ
EEEEEEEEDDDDDDDDFHIJJJJJJ
EEEEEEEEDDDDDDDDFHIJJJJJJ
EEEEEEEEDDDDDDDDFHIJJJJJJ
EEEEEEEEDDDDDDDDFHIJJJJJJ
EEEEEEEEDDDDDDDDFHIJJJJJJ
EEEEEEEEDDDDDDDDFHIJJJJJJ
EEEEEEEEDDDDDDDDFHIJJJJJJ
EEEEEEEEDDDDDDDDFHIJJJJJJ
EEEEEEEEDDDDDDDDFHIJJJJJJ
EEEEEEEEDDDDDDDDFHIJJJJJJ
EEEEEEEEDDDDDDDDGHIJJJJJJ
Case #6:
YGGGGGGGGGGGGGGGGGGGGGGGG
YGGGGGGGGGGGGGGGGGGGGGGGG
YGGGGGGGGGGGGGGGGGGGGGGGG
YVVKBBBFAWPZZNNQIMMMMLLLL
YVVKBBBFAWPZZNNQIMMMMLLLL
YVVKBBBFAWPZZNNQIMMMMLLLL
YVVKBBBFAWPZZNNQIMMMMLLLL
YVVKBBBFAWPZZNNQIMMMMLLLL
YVVKBBBFAWPZZNNQIMMMMLLLL
OVVKBBBFAWPZZNNQIMMMMLLLL
OVVKBBBFAWPZZNNQIMMMMLLLL
OVVKBBBFAWPZZNNQIMMMMLLLL
OVVKBBBFAWPZZNNQIMMMMRRRR
OVVKBBBFAWPZZNNQIXXXXRRRR
OVVKBBBFAWPZZNNEIXXXXRRRR
OVVKBBBFAWPZZNNEIXXXXRRRR
OVVKBBBFAWPZZNNEIXXXXRRRR
OVVKBBBFAWPZZNNEIXXXXRRRR
OVVKBBBFAWPZZNNEIXXXXRRRR
OVVDBBBFAWPZZNNEIXXXXUUUU
OHJDBBBTAWPZZNNEIXXXXUUUU
OHJDBBBTAWPZZNNEIXXXXUUUU
OHJDBBBTAWPZZNNEIXXXXUUUU
OHJDBBBTAWPZZCSEIXXXXUUUU
OHJDBBBTAWPZZCSEIXXXXUUUU
Case #7:
BBHLAANJJJRRUUUYYYQMMMTEI
BBHLAANJJJRRUUUYYYQMMMTEI
BBHLAANJJJRRUUUYYYQMMMTEI
BBHLAANJJJRRUUUYYYQMMMTEI
BBHLAANJJJRRUUUYYYQMMMTEI
BBHLAANJJJRRUUUYYYQMMMTEI
BBHLAANJJJRRUUUYYYQMMMTEI
BBHLAANJJJRRUUUYYYQMMMTEI
BBHLAANJJJRRGGGYYYQMMMTEI
BBHLAANJJJRRGGGYYYQMMMTEI
BBHLAANJJJRRGGGYYYQMMMTEI
BBHLAANJJJRRGGGYYYQMMMTEI
BBHLAANJJJRRGGGYYYQMMMTEI
BBHLAANJJJRRGGGYYYQMMMTEI
BBHLAANJJJRRGGGYYYQMMMTEI
BBHLAANJJJRRGGGYYYQMMMTEI
BBHLFFNXSSRRGGGYYYQMMMTEI
DDHLWWNXSSRRGGGYYYQMMMTEI
DDHLWWNXSSRRGGGYYYQMMMCEI
DDHLVVNXSSRRGGGYYYQMMMCEI
DDHLVVNXPPRRGGGYYYQMMMCEI
DDHLVVNXPPRRGGGYYYQMMMOEI
DDHLVVNXPPRRGGGZZZQMMMOEI
DDHLVVNXPPRRGGGZZZQMMMOEI
DDHKVVNXPPRRGGGZZZQMMMOEI
Case #8:
BA
BA
Case #9:
KKKKKKKKKKKKKKKKKKKKKKCEG
KKKKKKKKKKKKKKKKKKKKKKCEG
KKKKKKKKKKKKKKKKKKKKKKCEG
KKKKKKKKKKKKKKKKKKKKKKCEG
AAAAAAAAAAAAAAAAAAAAAJCEG
AAAAAAAAAAAAAAAAAAAAAMCEG
AAAAAAAAAAAAAAAAAAAAAMCEG
VVVVVVVVVVVVVVQQQFHHHMBEU
VVVVVVVVVVVVVVQQQFHHHPBEU
SSSSSSSSSSSSSNQQQFIIIYLTU
SSSSSSSSSSSSSNQQQFIIIYLTU
SSSSSSSSSSSSSNQQQFOWWYLXU
SSSSSSSSSSSSSNQQQFOWWZLXU
SSSSSSSSSSSSSNQQQFOWWZLXU
SSSSSSSSSSSSSNQQQFOWWZLDU
SSSSSSSSSSSSSNQQQFOWWZLDU
SSSSSSSSSSSSSNQQQFOWWZRDU
SSSSSSSSSSSSSNQQQFOWWZRDU
SSSSSSSSSSSSSNQQQFOWWZRDU
SSSSSSSSSSSSSNQQQFOWWZRDU
SSSSSSSSSSSSSNQQQFOWWZRDU
SSSSSSSSSSSSSNQQQFOWWZRDU
SSSSSSSSSSSSSNQQQFOWWZRDU
SSSSSSSSSSSSSNQQQFOWWZRDU
SSSSSSSSSSSSSNQQQFOWWZRDU
Case #10:
TTTTJXXXXXXXZZZZZZZMMAUGG
TTTTJXXXXXXXZZZZZZZMMAUGG
TTTTJXXXXXXXZZZZZZZMMAUGG
TTTTJXXXXXXXZZZZZZZMMAUGG
HQQNJXXXXXXXZZZZZZZMMAUGG
HQQNJXXXXXXXZZZZZZZMMAUGG
HQQNJXXXXXXXZZZZZZZMMAUGG
HQQNJXXXXXXXZZZZZZZMMAUGG
HQQNJXXXXXXXZZZZZZZMMAUGG
SQQNJXXXXXXXPVVCWWKMMAUGG
SQQNJOLLIIIFPVVCWWKMMAUGG
SQQNJOLLIIIFPVVCWWKMMAUGG
SQQNJOLLIIIFPVVCWWKMMAUGG
SQQNJOLLIIIFPVVCWWKMMAUGG
SQQNJOLLIIIFPVVCWWKMMAUGG
SQQNJOLLIIIFPVVCWWKMMAUGG
SQQNJOLLIIIFPVVCWWKMMAUGG
SQQNJOLLIIIFPVVCWWKMMAUGG
SQQNJOLLIIIFPVVCWWKMMAUGG
SQQNJOLLIIIFPVVCWWKDDAUGG
SQQNJOLLYYYFPVVCWWKDDAUGG
SQQNJOLLYYYFPVVCWWKDDAUGG
SQQNJOLLYYYFPVVCWWKDDAUGG
BQQNJOLLYYYEPVVCWWKDDAUGG
BQQNJOLLYYYERVVCWWKDDAUGG
Case #11:
AAAAAAAAAAAAAAAAAAAAAAAAA
BBBBBBBBBBBBBBBBBBBBBBBBB
CCCCCCCCCCCCCCCCCCCCCCCCC
DDDDDDDDDDDDDDDDDDDDDDDDD
EEEEEEEEEEEEEEEEEEEEEEEEE
FFFFFFFFFFFFFFFFFFFFFFFFF
GGGGGGGGGGGGGGGGGGGGGGGGG
HHHHHHHHHHHHHHHHHHHHHHHHH
IIIIIIIIIIIIIIIIIIIIIIIII
JJJJJJJJJJJJJJJJJJJJJJJJJ
KKKKKKKKKKKKKKKKKKKKKKKKK
LLLLLLLLLLLLLLLLLLLLLLLLL
MMMMMMMMMMMMMMMMMMMMMMMMM
NNNNNNNNNNNNNNNNNNNNNNNNN
OOOOOOOOOOOOOOOOOOOOOOOOO
PPPPPPPPPPPPPPPPPPPPPPPPP
QQQQQQQQQQQQQQQQQQQQQQQQQ
RRRRRRRRRRRRRRRRRRRRRRRRR
SSSSSSSSSSSSSSSSSSSSSSSSS
TTTTTTTTTTTTTTTTTTTTTTTTT
UUUUUUUUUUUUUUUUUUUUUUUUU
VVVVVVVVVVVVVVVVVVVVVVVVV
WWWWWWWWWWWWWWWWWWWWWWWWW
XXXXXXXXXXXXXXXXXXXXXXXXX
YYYYYYYYYYYYYYYYYYYYYYYYY
Case #12:
AAAAACDEEEEEEEEEEEFFFFFGG
AAAAACDEEEEEEEEEEEFFFFFGG
AAAAACDEEEEEEEEEEEFFFFFGG
AAAAACDEEEEEEEEEEEFFFFFGG
AAAAACDEEEEEEEEEEEFFFFFGG
AAAAACDEEEEEEEEEEEFFFFFGG
BBBBBCDEEEEEEEEEEEFFFFFGG
BBBBBCDEEEEEEEEEEEFFFFFGG
BBBBBCDEEEEEEEEEEEFFFFFGG
BBBBBCDEEEEEEEEEEEFFFFFGG
BBBBBCDEEEEEEEEEEEFFFFFGG
BBBBBCDEEEEEEEEEEEFFFFFGG
BBBBBCDEEEEEEEEEEEFFFFFGG
BBBBBCDEEEEEEEEEEEFFFFFGG
BBBBBCDEEEEEEEEEEEFFFFFGG
BBBBBCDEEEEEEEEEEEFFFFFGG
BBBBBCDEEEEEEEEEEEFFFFFGG
BBBBBCDEEEEEEEEEEEFFFFFGG
BBBBBCDEEEEEEEEEEEHHHHHGG
BBBBBCDEEEEEEEEEEEHHHHHII
BBBBBCDEEEEEEEEEEEJJJJJII
BBBBBCDEEEEEEEEEEEJJJJJII
BBBBBCDEEEEEEEEEEEJJJJJII
BBBBBCDEEEEEEEEEEEJJJJJII
BBBBBCDEEEEEEEEEEEJJJJJII
Case #13:
AAAAAAAAAABBBBBBBBBBBBBBB
AAAAAAAAAABBBBBBBBBBBBBBB
AAAAAAAAAABBBBBBBBBBBBBBB
AAAAAAAAAABBBBBBBBBBBBBBB
AAAAAAAAAABBBBBBBBBBBBBBB
AAAAAAAAAABBBBBBBBBBBBBBB
AAAAAAAAAABBBBBBBBBBBBBBB
AAAAAAAAAABBBBBBBBBBBBBBB
AAAAAAAAAABBBBBBBBBBBBBBB
CCCCCCCCCCBBBBBBBBBBBBBBB
CCCCCCCCCCDDDDDDDDDFHIJJJ
EEEEEEEEEEDDDDDDDDDFHIJJJ
EEEEEEEEEEDDDDDDDDDFHIJJJ
EEEEEEEEEEDDDDDDDDDFHIJJJ
EEEEEEEEEEDDDDDDDDDFHIJJJ
EEEEEEEEEEDDDDDDDDDFHIJJJ
EEEEEEEEEEDDDDDDDDDFHIJJJ
EEEEEEEEEEDDDDDDDDDFHIJJJ
EEEEEEEEEEDDDDDDDDDGHIJJJ
EEEEEEEEEEDDDDDDDDDGHIJJJ
EEEEEEEEEEDDDDDDDDDGHIJJJ
EEEEEEEEEEDDDDDDDDDGHIJJJ
EEEEEEEEEEDDDDDDDDDGHIJJJ
EEEEEEEEEEDDDDDDDDDGHIJJJ
EEEEEEEEEEDDDDDDDDDGHIJJJ
Case #14:
AAAAAABBBBBBBBBBBBBBBBBBB
AAAAAABBBBBBBBBBBBBBBBBBB
CCCCCCBBBBBBBBBBBBBBBBBBB
CCCCCCDDDDDDDDDFHIJJJJJJJ
EEEEEEDDDDDDDDDFHIJJJJJJJ
EEEEEEDDDDDDDDDFHIJJJJJJJ
EEEEEEDDDDDDDDDFHIJJJJJJJ
EEEEEEDDDDDDDDDFHIJJJJJJJ
EEEEEEDDDDDDDDDFHIJJJJJJJ
EEEEEEDDDDDDDDDFHIJJJJJJJ
EEEEEEDDDDDDDDDFHIJJJJJJJ
EEEEEEDDDDDDDDDFHIJJJJJJJ
EEEEEEDDDDDDDDDFHIJJJJJJJ
EEEEEEDDDDDDDDDFHIJJJJJJJ
EEEEEEDDDDDDDDDFHIJJJJJJJ
EEEEEEDDDDDDDDDFHIJJJJJJJ
EEEEEEDDDDDDDDDFHIJJJJJJJ
EEEEEEDDDDDDDDDFHIJJJJJJJ
EEEEEEDDDDDDDDDFHIJJJJJJJ
EEEEEEDDDDDDDDDFHIJJJJJJJ
EEEEEEDDDDDDDDDFHIJJJJJJJ
EEEEEEDDDDDDDDDFHIJJJJJJJ
EEEEEEDDDDDDDDDGHIJJJJJJJ
EEEEEEDDDDDDDDDGHIJJJJJJJ
EEEEEEDDDDDDDDDGHIJJJJJJJ
Case #15:
VVVVVVVVVVVVVVVVVVVVVVVVV
KKKKKKKKFFFFFFFFFFFFFFFFF
KKKKKKKKFFFFFFFFFFFFFFFFF
AAAAAAAPZZZZZZZZZZZZZZZZZ
DDDDUSSQIIIGGGGGGGGGGGGGG
DDDDUYYQRRRGGGGGGGGGGGGGG
NNNNUOOHELLGGGGGGGGGGGGGG
NNNNUJCWEXBGGGGGGGGGGGGGG
NNNNUJMWTXBGGGGGGGGGGGGGG
NNNNUJMWTXBGGGGGGGGGGGGGG
NNNNUJMWTXBGGGGGGGGGGGGGG
NNNNUJMWTXBGGGGGGGGGGGGGG
NNNNUJMWTXBGGGGGGGGGGGGGG
NNNNUJMWTXBGGGGGGGGGGGGGG
NNNNUJMWTXBGGGGGGGGGGGGGG
NNNNUJMWTXBGGGGGGGGGGGGGG
NNNNUJMWTXBGGGGGGGGGGGGGG
NNNNUJMWTXBGGGGGGGGGGGGGG
NNNNUJMWTXBGGGGGGGGGGGGGG
NNNNUJMWTXBGGGGGGGGGGGGGG
NNNNUJMWTXBGGGGGGGGGGGGGG
NNNNUJMWTXBGGGGGGGGGGGGGG
NNNNUJMWTXBGGGGGGGGGGGGGG
NNNNUJMWTXBGGGGGGGGGGGGGG
NNNNUJMWTXBGGGGGGGGGGGGGG
Case #16:
KRSSOAAAHYTTUQWVMXIIIDFF
KRSSOAAAHYTTUQWVMXIIIDFF
KRSSOAAAHYTTUQWVMXIIIDFF
KRSSOAAAHYTTUQWVMXIIIDFF
KRSSOAAAHYTTUQWVMXIIIDFF
KRSSOAAAHYTTUQWVMXIIIDFF
KRSSOAAAHYTTUQWVMXIIIDFF
KRSSOAAAHYTTUQWVMXIIIDFF
KRSSOAAAHYTTUQWVMXIIIDFF
KRSSOAAAHYTTUQWVMXIIIDFF
KRSSOAAAHYTTUQWVMXIIIDFF
KRSSOAAAHYTTUQWVMXIIIDFF
KRSSOAAAHYTTUQWJMXIIIDFF
KRSSOAAAHYTTUQWJMXIIIDFF
KRSSOAAAHYTTUQWJMXIIIDFF
KRSSOAAAHYTTUQWJMXIIIDFF
KRSSOAAAHYTTUQWJMXIIIDFF
KRSSOAAAHYPPUQWJMXIIIDFF
KRSSOAAAHYPPUQWJMXIIIDFF
KRSSOAAAHYPPUQWJMXIIIDFF
KRSSNAAAHYPPUQWJMXIIIDFF
KRSSNAAAHYPPUQWJMXIIIDFF
KRSSBAAAHYPPUQWJMXIIIDFF
KRSSBAAAHYPPUQWJMXIIIDFF
KRSSBAAALYGEUQWJMCIIIDFF
Case #17:
ZZZZZZDYJRRBECIIIIIIHPPPP
ZZZZZZDYJRRBECIIIIIIHPPPP
ZZZZZZDYJRRBECIIIIIIHPPPP
ZZZZZZDYJRRBECIIIIIIHPPPP
VMMMOODYJRRBECIIIIIIHPPPP
VMMMOODYJRRBECIIIIIIHPPPP
VMMMOODYJRRBECIIIIIIHPPPP
VMMMOODYJRRBECIIIIIIHPPPP
VMMMOODYJRRBECIIIIIIHPPPP
VMMMOODYJRRBECIIIIIIHPPPP
VMMMOODYJRRBECIIIIIIHPPPP
VMMMOODYJRRBECIIIIIIHPPPP
VMMMOODYJRRBECIIIIIIHPPPP
VMMMOODYJRRBECIIIIIIHPPPP
VMMMOODYJRRBECIIIIIIHPPPP
VMMMOODYJRRBECIIIIIIHPPPP
VMMMOODYJRRBTCWWLLLKHPPPP
VMMMOOUYJRRBTCWWLLLKHSSSS
VMMMXXUYJRRBTCWWLLLKHSSSS
VQQQXXUYJRRBTCWWLLLKHSSSS
VQQQGGUYJRRBTCNNLLLKHSSSS
VQQQGGUYJRRBTCNNLLLKHSSSS
VQQQGGUYJRRBTCNNLLLKHSSSS
AQQQGGUYJRRBTCNNLLLKHSSSS
AQQQGGUYJRRBTFNNLLLKHSSSS
Case #18:
VVVVAAAQFYHHJUUNNDIIKSCCB
VVVVAAAQFYHHJUUNNDIIKSCCB
VVVVAAAQFYHHJUUNNDIIKSCCB
VVVVAAAQFYHHJUUNNDIIKSCCB
VVVVAAAQFYHHJUUNNDIIKSCCB
VVVVAAAQFYHHJUUNNDIIKSCCB
VVVVAAAQFYHHJUUNNDIIKSCCB
VVVVAAAQFYHHJUUNNDIIKSCCB
VVVVGZMEFYHHJUUNNDIIKSCCB
VVVVGZMEFYHHJUUNNDIIKSCCB
VVVVGZMEFYHHJUUNNDIIKSCCB
VVVVGZMEFYHHJUUNNDIIKSCCB
VVVVGZMEFYHHJUUNNDIIKSCCB
VVVVGZMEFYHHJUUNNDIIKSCCB
VVVVGZMEFYHHJUUNNDIIKSCCB
VVVVGZMEFYHHJUUNNDIIKSCCB
VVVVGZMEFYHHJUUNNDIIKSCCB
VVVVGZMEFYHHJUUNNDIIKSCCB
VVVVGZMEFYHHJUUNNDIIKSCCB
VVVVGZMEFYHHJUUNNDIIKSCCB
XXXXGZMWFYHHJUUNNDIIKSCCT
XXXXGZMWFYHHJUUNNDIIKSCCT
XXXXGZMWFYHHJUUNNDIIKPCCT
XXXXGZMWFLHHJUUNNDIIRPCCT
XXXXGZMWFLHHJUUNNDIIROCCT
Case #19:
AAAAAAAAAAAAAAABBBBBBBBBB
AAAAAAAAAAAAAAABBBBBBBBBB
AAAAAAAAAAAAAAABBBBBBBBBB
AAAAAAAAAAAAAAABBBBBBBBBB
AAAAAAAAAAAAAAABBBBBBBBBB
AAAAAAAAAAAAAAABBBBBBBBBB
AAAAAAAAAAAAAAABBBBBBBBBB
AAAAAAAAAAAAAAABBBBBBBBBB
AAAAAAAAAAAAAAABBBBBBBBBB
AAAAAAAAAAAAAAABBBBBBBBBB
AAAAAAAAAAAAAAABBBBBBBBBB
AAAAAAAAAAAAAAABBBBBBBBBB
AAAAAAAAAAAAAAABBBBBBBBBB
AAAAAAAAAAAAAAABBBBBBBBBB
AAAAAAAAAAAAAAABBBBBBBBBB
AAAAAAAAAAAAAAABBBBBBBBBB
AAAAAAAAAAAAAAABBBBBBBBBB
AAAAAAAAAAAAAAABBBBBBBBBB
CCCCCCCCCCCCCCCBBBBBBBBBB
CCCCCCCCCCCCCCCDDDDDDDDDD
EEEEEEEEEEEEEEEDDDDDDDDDD
EEEEEEEEEEEEEEEDDDDDDDDDD
EEEEEEEEEEEEEEEDDDDDDDDDD
EEEEEEEEEEEEEEEDDDDDDDDDD
EEEEEEEEEEEEEEEDDDDDDDDDD
Case #20:
DDDDDDDDDDDDFRIAMMMMMMMMM
DDDDDDDDDDDDFRIAMMMMMMMMM
DDDDDDDDDDDDFRIAMMMMMMMMM
DDDDDDDDDDDDFRIAMMMMMMMMM
DDDDDDDDDDDDFRIAMMMMMMMMM
DDDDDDDDDDDDFRIAMMMMMMMMM
DDDDDDDDDDDDFRIAMMMMMMMMM
DDDDDDDDDDDDFRIAMMMMMMMMM
DDDDDDDDDDDDFRIAMMMMMMMMM
DDDDDDDDDDDDJRIAMMMMMMMMM
UUUUUUUUUOXZNWQAMMMMMMMMM
UUUUUUUUUOXVNWQAMMMMMMMMM
UUUUUUUUUOCVNYPAMMMMMMMMM
UUUUUUUUUOSBTLPHMMMMMMMMM
UUUUUUUUUOSBGLPHMMMMMMMMM
UUUUUUUUUOSKELPHMMMMMMMMM
UUUUUUUUUOSKELPHMMMMMMMMM
UUUUUUUUUOSKELPHMMMMMMMMM
UUUUUUUUUOSKELPHMMMMMMMMM
UUUUUUUUUOSKELPHMMMMMMMMM
UUUUUUUUUOSKELPHMMMMMMMMM
UUUUUUUUUOSKELPHMMMMMMMMM
UUUUUUUUUOSKELPHMMMMMMMMM
UUUUUUUUUOSKELPHMMMMMMMMM
UUUUUUUUUOSKELPHMMMMMMMMM
Case #21:
WWWWWWWWWWWWWWWWWWWWWWVKJ
WWWWWWWWWWWWWWWWWWWWWWVKJ
WWWWWWWWWWWWWWWWWWWWWWVKJ
WWWWWWWWWWWWWWWWWWWWWWVKJ
WWWWWWWWWWWWWWWWWWWWWWVKJ
WWWWWWWWWWWWWWWWWWWWWWVKJ
WWWWWWWWWWWWWWWWWWWWWWVKJ
WWWWWWWWWWWWWWWWWWWWWWVKJ
WWWWWWWWWWWWWWWWWWWWWWVKJ
WWWWWWWWWWWWWWWWWWWWWWVKJ
WWWWWWWWWWWWWWWWWWWWWWVKJ
WWWWWWWWWWWWWWWWWWWWWWVKJ
WWWWWWWWWWWWWWWWWWWWWWVKJ
WWWWWWWWWWWWWWWWWWWWWWVKJ
WWWWWWWWWWWWWWWWWWWWWWVKJ
WWWWWWWWWWWWWWWWWWWWWWVKJ
WWWWWWWWWWWWWWWWWWWWWWVKJ
WWWWWWWWWWWWWWWWWWWWWWVKE
WWWWWWWWWWWWWWWWWWWWWWVKR
HHHHHHHHHHHHHHHHHHHHHLVKU
XXXXXXXXXXXXXXXXXXXXBLIKZ
AAAAAAAAAAAAAAAAAAAABLIKO
AAAAAAAAAAAAAAAAAAAABLIKY
NNNNNNNNNNNNNNNNNNQDCLGKF
NNNNNNNNNNNNNNNNNNQSCLPTM
Case #22:
GNJSSSSHXXXXXXXXQFFFFFFDC
GNJSSSSHXXXXXXXXQFFFFFFDC
GNJSSSSHXXXXXXXXQFFFFFFDC
GNJSSSSHXXXXXXXXQFFFFFFDC
GNJSSSSHXXXXXXXXQFFFFFFDC
GNJSSSSHXXXXXXXXQFFFFFFDC
GNJSSSSHXXXXXXXXQFFFFFFDC
GNJSSSSHXXXXXXXXQFFFFFFDC
GNJSSSSHXXXXXXXXQFFFFFFDY
GNJSSSSHLVVVIIIIQFFFFFFDY
GNJSSSSHLVVVIIIIAFFFFFFDY
GNJSSSSHLVVVIIIIAFFFFFFDY
GNJSSSSHLVVVIIIIAFFFFFFDY
GNJSSSSHLVVVIIIIAFFFFFFBY
GNJSSSSHLVVVZZZZAFFFFFFBY
GNJSSSSHLVVVZZZZAFFFFFFBY
GNJSSSSHLVVVZZZZAEERKKKBY
GNJMPOOHLVVVZZZZAEERKKKBY
GNUMPOOHLVVVZZZZAEERKKKBY
GNUMPOOHLVVVZZZZAEERKKKBY
WNUMPOOHLVVVZZZZAEERKKKBY
WNUMPOOHLVVVZZZZAEERKKKBY
WNUMPOOHLVVVZZZZAEERKKKBY
WNUMPOOHLVVVZZZZAEERKKKBY
WNUMTOOHLVVVZZZZAEERKKKBY
Case #23:
RRRRRRRRRRRRRRRRRRUUIOOOO
RRRRRRRRRRRRRRRRRRUUIOOOO
RRRRRRRRRRRRRRRRRRUUIOOOO
RRRRRRRRRRRRRRRRRRUUIOOOO
RRRRRRRRRRRRRRRRRRUUIOOOO
RRRRRRRRRRRRRRRRRRUUIOOOO
RRRRRRRRRRRRRRRRRRUUIOOOO
RRRRRRRRRRRRRRRRRRUUIOOOO
RRRRRRRRRRRRRRRRRRUUIOOOO
RRRRRRRRRRRRRRRRRRUUIOOOO
RRRRRRRRRRRRRRRRRRUUIOOOO
RRRRRRRRRRRRRRRRRRUUIOOOO
RRRRRRRRRRRRRRRRRRUUIOOOO
RRRRRRRRRRRRRRRRRRUUIOOOO
RRRRRRRRRRRRRRRRRRUUIMMMM
RRRRRRRRRRRRRRRRRRUUIMMMM
BBBBBBBBBBBBBBBBBBUUKHJTT
BBBBBBBBBBBBBBBBBBNNZHJTT
BBBBBBBBBBBBBBBBBBNNZHJTT
BBBBBBBBBBBBBBBBBBNNZHJQQ
VVVVVVVVVVVVSSCXGGEAFWJQQ
VVVVVVVVVVVVSSCXGGEAFWJPD
VVVVVVVVVVVVSSCXGGEAFWJPD
VVVVVVVVVVVVSSCXGGEAFWJPD
VVVVVVVVVVVVSSCXYYELFWJPD
Case #24:
ABCDEFGHIJKLMNOPQRSTUVWXY
ABCDEFGHIJKLMNOPQRSTUVWXY
ABCDEFGHIJKLMNOPQRSTUVWXY
ABCDEFGHIJKLMNOPQRSTUVWXY
ABCDEFGHIJKLMNOPQRSTUVWXY
ABCDEFGHIJKLMNOPQRSTUVWXY
ABCDEFGHIJKLMNOPQRSTUVWXY
ABCDEFGHIJKLMNOPQRSTUVWXY
ABCDEFGHIJKLMNOPQRSTUVWXY
ABCDEFGHIJKLMNOPQRSTUVWXY
ABCDEFGHIJKLMNOPQRSTUVWXY
ABCDEFGHIJKLMNOPQRSTUVWXY
ABCDEFGHIJKLMNOPQRSTUVWXY
ABCDEFGHIJKLMNOPQRSTUVWXY
ABCDEFGHIJKLMNOPQRSTUVWXY
ABCDEFGHIJKLMNOPQRSTUVWXY
ABCDEFGHIJKLMNOPQRSTUVWXY
ABCDEFGHIJKLMNOPQRSTUVWXY
ABCDEFGHIJKLMNOPQRSTUVWXY
ABCDEFGHIJKLMNOPQRSTUVWXY
ABCDEFGHIJKLMNOPQRSTUVWXY
ABCDEFGHIJKLMNOPQRSTUVWXY
ABCDEFGHIJKLMNOPQRSTUVWXY
ABCDEFGHIJKLMNOPQRSTUVWXY
ABCDEFGHIJKLMNOPQRSTUVWXY
Case #25:
UIYEEEEEEEEEELLLLLLLSRRBB
UIYEEEEEEEEEELLLLLLLSRRBB
UIYEEEEEEEEEELLLLLLLSRRBB
UIYEEEEEEEEEELLLLLLLSRRBB
UIYEEEEEEEEEELLLLLLLSRRBB
UIYEEEEEEEEEELLLLLLLSRRBB
UIYEEEEEEEEEELLLLLLLSRRBB
UIYNNNNNNMMMXLLLLLLLSRRBB
CIYNNNNNNMMMXLLLLLLLSRRBB
CIYNNNNNNMMMXLLLLLLLSRRBB
CIYPTTQDDMMMXLLLLLLLSRRBB
CIYPTTQDDMMMXLLLLLLLSRRGW
CIYPTTQDDMMMXLLLLLLLSRRGW
CIYPTTQOFMMMXLLLLLLLSRRGW
CIYPTTQOFMMMXLLLLLLLSRRGW
CIYPTTQOFMMMXLLLLLLLSRRGW
CIYPTTQOFMMMXLLLLLLLSRRGW
CIYPTTQOFMMMXLLLLLLLSRRGW
CIYPTTQOFMMMXAAAAAVVSRRGW
CIYPTTQOFMMMXAAAAAVVSRRGW
CIYPTTQHFMMMXAAAAAVVSKKGW
CIYPTTQHFMMMXAAAAAVVSKKGW
CIYJTTQHFMMMXAAAAAVVSKKGW
CIYJTTQHFMMMXAAAAAVVSKKGW
Case #26:
AB
Case #27:
MLLLL
MLLLL
KIAAA
GCHJJ
BNOJJ
EFOJJ
DFOJJ
Case #28:
ABCDEFGHIJKLMNOPQRSTUVWXY
ABCDEFGHIJKLMNOPQRSTUVWXY
ABCDEFGHIJKLMNOPQRSTUVWXY
ABCDEFGHIJKLMNOPQRSTUVWXY
ABCDEFGHIJKLMNOPQRSTUVWXY
ABCDEFGHIJKLMNOPQRSTUVWXY
ABCDEFGHIJKLMNOPQRSTUVWXY
ABCDEFGHIJKLMNOPQRSTUVWXY
ABCDEFGHIJKLMNOPQRSTUVWXY
ABCDEFGHIJKLMNOPQRSTUVWXY
ABCDEFGHIJKLMNOPQRSTUVWXY
ABCDEFGHIJKLMNOPQRSTUVWXY
ABCDEFGHIJKLMNOPQRSTUVWXY
ABCDEFGHIJKLMNOPQRSTUVWXY
ABCDEFGHIJKLMNOPQRSTUVWXY
ABCDEFGHIJKLMNOPQRSTUVWXY
ABCDEFGHIJKLMNOPQRSTUVWXY
ABCDEFGHIJKLMNOPQRSTUVWXY
ABCDEFGHIJKLMNOPQRSTUVWXY
ABCDEFGHIJKLMNOPQRSTUVWXY
ABCDEFGHIJKLMNOPQRSTUVWXY
ABCDEFGHIJKLMNOPQRSTUVWXY
ABCDEFGHIJKLMNOPQRSTUVWXY
ABCDEFGHIJKLMNOPQRSTUVWXY
ABCDEFGHIJKLMNOPQRSTUVWXY
Case #29:
AAAAABBBBBBBBBBBBBBBBBBBB
AAAAABBBBBBBBBBBBBBBBBBBB
AAAAABBBBBBBBBBBBBBBBBBBB
AAAAABBBBBBBBBBBBBBBBBBBB
AAAAABBBBBBBBBBBBBBBBBBBB
CCCCCBBBBBBBBBBBBBBBBBBBB
CCCCCDDDDDDDDDDDDFHIJJJJJ
EEEEEDDDDDDDDDDDDFHIJJJJJ
EEEEEDDDDDDDDDDDDFHIJJJJJ
EEEEEDDDDDDDDDDDDFHIJJJJJ
EEEEEDDDDDDDDDDDDFHIJJJJJ
EEEEEDDDDDDDDDDDDFHIJJJJJ
EEEEEDDDDDDDDDDDDFHIJJJJJ
EEEEEDDDDDDDDDDDDFHIJJJJJ
EEEEEDDDDDDDDDDDDFHIJJJJJ
EEEEEDDDDDDDDDDDDFHIJJJJJ
EEEEEDDDDDDDDDDDDFHIJJJJJ
EEEEEDDDDDDDDDDDDFHIJJJJJ
EEEEEDDDDDDDDDDDDFHIJJJJJ
EEEEEDDDDDDDDDDDDFHIJJJJJ
EEEEEDDDDDDDDDDDDFHIJJJJJ
EEEEEDDDDDDDDDDDDGHIJJJJJ
EEEEEDDDDDDDDDDDDGHIJJJJJ
EEEEEDDDDDDDDDDDDGHIJJJJJ
EEEEEDDDDDDDDDDDDGHIJJJJJ
Case #30:
TTTTTTTTTTTTTTTTPMMMBRYYY
TTTTTTTTTTTTTTTTPMMMBRYYY
TTTTTTTTTTTTTTTTPMMMBRYYY
TTTTTTTTTTTTTTTTPMMMBRYYY
TTTTTTTTTTTTTTTTPMMMBRYYY
TTTTTTTTTTTTTTTTPMMMBRYYY
TTTTTTTTTTTTTTTTPMMMBRYYY
TTTTTTTTTTTTTTTTPMMMBRYYY
TTTTTTTTTTTTTTTTPMMMBRYYY
TTTTTTTTTTTTTTTTPMMMBRYYY
TTTTTTTTTTTTTTTTPMMMBRYYY
TTTTTTTTTTTTTTTTPMMMBRYYY
TTTTTTTTTTTTTTTTPMMMBRYYY
TTTTTTTTTTTTTTTTPMMMBRYYY
TTTTTTTTTTTTTTTTPMMMBRYYY
TTTTTTTTTTTTTTTTPMMMBRYYY
JJJJJJJJJJJJJJJWPNVZBRYYY
JJJJJJJJJJJJJJJWPHVCBUYYY
JJJJJJJJJJJJJJJWPEVLBKXXX
JJJJJJJJJJJJJJJQAEVLGKXXX
JJJJJJJJJJJJJJJQSIFOGKXXX
JJJJJJJJJJJJJJJQSIDOGKXXX
JJJJJJJJJJJJJJJQSIDOGKXXX
JJJJJJJJJJJJJJJQSIDOGKXXX
JJJJJJJJJJJJJJJQSIDOGKXXX
Case #31:
CB
CA
Case #32:
AAAAAAAAAAAAAAAAAAAAAAAAA
BBBBBBBBBBBBBBBBBBBBBBBBB
CCCCCCCCCCCCCCCCCCCCCCCCC
DDDDDDDDDDDDDDDDDDDDDDDDD
EEEEEEEEEEEEEEEEEEEEEEEEE
FFFFFFFFFFFFFFFFFFFFFFFFF
GGGGGGGGGGGGGGGGGGGGGGGGG
HHHHHHHHHHHHHHHHHHHHHHHHH
IIIIIIIIIIIIIIIIIIIIIIIII
JJJJJJJJJJJJJJJJJJJJJJJJJ
KKKKKKKKKKKKKKKKKKKKKKKKK
LLLLLLLLLLLLLLLLLLLLLLLLL
MMMMMMMMMMMMMMMMMMMMMMMMM
NNNNNNNNNNNNNNNNNNNNNNNNN
OOOOOOOOOOOOOOOOOOOOOOOOO
PPPPPPPPPPPPPPPPPPPPPPPPP
QQQQQQQQQQQQQQQQQQQQQQQQQ
RRRRRRRRRRRRRRRRRRRRRRRRR
SSSSSSSSSSSSSSSSSSSSSSSSS
TTTTTTTTTTTTTTTTTTTTTTTTT
UUUUUUUUUUUUUUUUUUUUUUUUU
VVVVVVVVVVVVVVVVVVVVVVVVV
WWWWWWWWWWWWWWWWWWWWWWWWW
XXXXXXXXXXXXXXXXXXXXXXXXX
YYYYYYYYYYYYYYYYYYYYYYYYY
Case #33:
VCOOADDDZLYFFFFFGGGGGSNNP
VCOOADDDZLYFFFFFGGGGGSNNP
VCOOADDDZLYFFFFFGGGGGSNNP
VCOOADDDZLYFFFFFGGGGGSNNP
VCOOADDDZLYFFFFFGGGGGSNNP
VCOOADDDZLYFFFFFGGGGGSNNP
VCOOADDDZLYFFFFFGGGGGSNNP
VCOOADDDZLYFFFFFGGGGGSNNP
VCOOADDDZLYFFFFFGGGGGSNNP
VCOOADDDZLYFFFFFXQMMMSNNP
VCOOADDDZLYFFFFFXQMMMSNNP
VCOOADDDZLYFFFFFXQMMMSNNP
VCOOADDDZLYFFFFFXQMMMSNNP
VCWWADDDZLYFFFFFXQMMMSNNP
VCWWADDDZLYFFFFFXQMMMSNNP
VCWWADDDZLYFFFFFXQMMMHNNP
VCWWADDDZLYFFFFFXQMMMHNNP
VCBBADDDZLYFFFFFXQMMMHNNP
VCBBADDDZLYFFFFFXJMMMHNNP
VCTTADDDZLYKKKIEXJMMMHNNP
VCTTADDDZLYKKKIEXJMMMHNNP
VCTTADDDZLYKKKIEXJMMMHNNP
VCTTADDDZLYKKKIEXJMMMHNNP
VCTTUDDDZLYKKKIEXJMMMHNNP
VCTTUDDDZLRKKKIEXJMMMHNNP
Case #34:
AAAAAAAAAAABBBBBBBBBBBBBB
AAAAAAAAAAABBBBBBBBBBBBBB
AAAAAAAAAAABBBBBBBBBBBBBB
AAAAAAAAAAABBBBBBBBBBBBBB
AAAAAAAAAAABBBBBBBBBBBBBB
AAAAAAAAAAABBBBBBBBBBBBBB
AAAAAAAAAAABBBBBBBBBBBBBB
AAAAAAAAAAABBBBBBBBBBBBBB
AAAAAAAAAAABBBBBBBBBBBBBB
AAAAAAAAAAABBBBBBBBBBBBBB
AAAAAAAAAAABBBBBBBBBBBBBB
AAAAAAAAAAABBBBBBBBBBBBBB
AAAAAAAAAAABBBBBBBBBBBBBB
AAAAAAAAAAABBBBBBBBBBBBBB
AAAAAAAAAAABBBBBBBBBBBBBB
AAAAAAAAAAABBBBBBBBBBBBBB
AAAAAAAAAAABBBBBBBBBBBBBB
AAAAAAAAAAABBBBBBBBBBBBBB
CCCCCCCCCCCBBBBBBBBBBBBBB
CCCCCCCCCCCDDDDDDDDDDDDDD
EEEEEEEEEEEDDDDDDDDDDDDDD
EEEEEEEEEEEDDDDDDDDDDDDDD
EEEEEEEEEEEDDDDDDDDDDDDDD
EEEEEEEEEEEDDDDDDDDDDDDDD
EEEEEEEEEEEDDDDDDDDDDDDDD
Case #35:
AAAAAAAAAAAAAAAAAAAAAAAAA
BBBBBBBBBBBBBBBBBBBBBBBBB
CCCCCCCCCCCCCCCCCCCCCCCCC
DDDDDDDDDDDDDDDDDDDDDDDDD
EEEEEEEEEEEEEEEEEEEEEEEEE
FFFFFFFFFFFFFFFFFFFFFFFFF
GGGGGGGGGGGGGGGGGGGGGGGGG
HHHHHHHHHHHHHHHHHHHHHHHHH
IIIIIIIIIIIIIIIIIIIIIIIII
JJJJJJJJJJJJJJJJJJJJJJJJJ
KKKKKKKKKKKKKKKKKKKKKKKKK
LLLLLLLLLLLLLLLLLLLLLLLLL
MMMMMMMMMMMMMMMMMMMMMMMMM
NNNNNNNNNNNNNNNNNNNNNNNNN
OOOOOOOOOOOOOOOOOOOOOOOOO
PPPPPPPPPPPPPPPPPPPPPPPPP
QQQQQQQQQQQQQQQQQQQQQQQQQ
RRRRRRRRRRRRRRRRRRRRRRRRR
SSSSSSSSSSSSSSSSSSSSSSSSS
TTTTTTTTTTTTTTTTTTTTTTTTT
UUUUUUUUUUUUUUUUUUUUUUUUU
VVVVVVVVVVVVVVVVVVVVVVVVV
WWWWWWWWWWWWWWWWWWWWWWWWW
XXXXXXXXXXXXXXXXXXXXXXXXX
YYYYYYYYYYYYYYYYYYYYYYYYY
Case #36:
AA
AA
Case #37:
AAAAAAAAAAAAABBBBBBBBBBBB
AAAAAAAAAAAAABBBBBBBBBBBB
AAAAAAAAAAAAABBBBBBBBBBBB
AAAAAAAAAAAAABBBBBBBBBBBB
AAAAAAAAAAAAABBBBBBBBBBBB
AAAAAAAAAAAAABBBBBBBBBBBB
AAAAAAAAAAAAABBBBBBBBBBBB
AAAAAAAAAAAAABBBBBBBBBBBB
AAAAAAAAAAAAABBBBBBBBBBBB
AAAAAAAAAAAAABBBBBBBBBBBB
AAAAAAAAAAAAABBBBBBBBBBBB
AAAAAAAAAAAAABBBBBBBBBBBB
AAAAAAAAAAAAABBBBBBBBBBBB
AAAAAAAAAAAAABBBBBBBBBBBB
AAAAAAAAAAAAABBBBBBBBBBBB
CCCCCCCCCCCCCBBBBBBBBBBBB
CCCCCCCCCCCCCDDDDDDDDDDDD
EEEEEEEEEEEEEDDDDDDDDDDDD
EEEEEEEEEEEEEDDDDDDDDDDDD
EEEEEEEEEEEEEDDDDDDDDDDDD
EEEEEEEEEEEEEDDDDDDDDDDDD
EEEEEEEEEEEEEDDDDDDDDDDDD
EEEEEEEEEEEEEDDDDDDDDDDDD
EEEEEEEEEEEEEDDDDDDDDDDDD
EEEEEEEEEEEEEDDDDDDDDDDDD
Case #38:
GGSMCIEEEEEFZZBBBBXAYYNNT
JJSMCIKVVRLFWPDQQQHOYYNNU
Case #39:
AAACDEEEEEEEEEEEFFFFFGGGG
AAACDEEEEEEEEEEEFFFFFGGGG
AAACDEEEEEEEEEEEFFFFFGGGG
AAACDEEEEEEEEEEEFFFFFGGGG
AAACDEEEEEEEEEEEFFFFFGGGG
AAACDEEEEEEEEEEEFFFFFGGGG
AAACDEEEEEEEEEEEFFFFFGGGG
BBBCDEEEEEEEEEEEFFFFFGGGG
BBBCDEEEEEEEEEEEFFFFFGGGG
BBBCDEEEEEEEEEEEFFFFFGGGG
BBBCDEEEEEEEEEEEFFFFFGGGG
BBBCDEEEEEEEEEEEFFFFFGGGG
BBBCDEEEEEEEEEEEFFFFFGGGG
BBBCDEEEEEEEEEEEFFFFFGGGG
BBBCDEEEEEEEEEEEFFFFFGGGG
BBBCDEEEEEEEEEEEFFFFFGGGG
BBBCDEEEEEEEEEEEFFFFFGGGG
BBBCDEEEEEEEEEEEFFFFFGGGG
BBBCDEEEEEEEEEEEFFFFFGGGG
BBBCDEEEEEEEEEEEFFFFFGGGG
BBBCDEEEEEEEEEEEHHHHHGGGG
BBBCDEEEEEEEEEEEHHHHHIIII
BBBCDEEEEEEEEEEEJJJJJIIII
BBBCDEEEEEEEEEEEJJJJJIIII
BBBCDEEEEEEEEEEEJJJJJIIII
Case #40:
ZFOLEEYYRBBBWWWWWWWWWWWWW
ZFOLEEYYRBBBWWWWWWWWWWWWW
ZFOLEEYYRBBBWWWWWWWWWWWWW
ZFOLEEYYRBBBWWWWWWWWWWWWW
ZFOLEEYYRBBBWWWWWWWWWWWWW
ZFOLEEYYRBBBWWWWWWWWWWWWW
ZFOLEEYYRBBBWWWWWWWWWWWWW
ZFOLEEYYRBBBWWWWWWWWWWWWW
ZFOLEEYYRBBBWWWWWWWWWWWWW
ZFOLEEYYRBBBWWWWWWWWWWWWW
ZFOLEEYYRBBBWWWWWWWWWWWWW
ZFOLEEYYRBBBWWWWWWWWWWWWW
ZFOLEEYYRBBBWWWWWWWWWWWWW
ZFOLEEYYRBBBWWWWWWWWWWWWW
ZFOLEEYYRBBBWWWWWWWWWWWWW
ZFOLHPYYRBBBWWWWWWWWWWWWW
ZFOLHPVIRBBBWWWWWWWWWWWWW
ZFOLHPVIRBBBWWWWWWWWWWWWW
ZFOLAPVIRBBBWWWWWWWWWWWWW
ZFOLAPVIRKJJWWWWWWWWWWWWW
ZSOLACVIRKDDWWWWWWWWWWWWW
ZSOLACVGNKDDWWWWWWWWWWWWW
ZMOLACVGNKDDWWWWWWWWWWWWW
ZTOLACVGUKXXWWWWWWWWWWWWW
ZTOLACVGQKXXWWWWWWWWWWWWW
Case #41:
CCCYYYYYYYYYYYYYYYYYYYYYY
CCCYYYYYYYYYYYYYYYYYYYYYY
CCCYYYYYYYYYYYYYYYYYYYYYY
CCCYYYYYYYYYYYYYYYYYYYYYY
CCCRRHHSLMMDDDDDDDDDDDDDD
EETRRHHSLMMDDDDDDDDDDDDDD
EETBXHHSLMMDDDDDDDDDDDDDD
ZZNWXHHSLMMDDDDDDDDDDDDDD
ZZPWXHHSLMMDDDDDDDDDDDDDD
ZZPWXHHSLMMDDDDDDDDDDDDDD
ZZPWXHHSLMMDDDDDDDDDDDDDD
ZZPWXHHSLKIDDDDDDDDDDDDDD
ZZPWQHHSLOIDDDDDDDDDDDDDD
ZZPWFHHSJOIDDDDDDDDDDDDDD
ZZPWFGUSJOIDDDDDDDDDDDDDD
ZZPWFAUSJOIDDDDDDDDDDDDDD
ZZPWFAUSJOIDDDDDDDDDDDDDD
ZZPWFAUSJOIDDDDDDDDDDDDDD
ZZVWFAUSJOIDDDDDDDDDDDDDD
ZZVWFAUSJOIDDDDDDDDDDDDDD
ZZVWFAUSJOIDDDDDDDDDDDDDD
ZZVWFAUSJOIDDDDDDDDDDDDDD
ZZVWFAUSJOIDDDDDDDDDDDDDD
ZZVWFAUSJOIDDDDDDDDDDDDDD
ZZVWFAUSJOIDDDDDDDDDDDDDD
Case #42:
AAAAAAAAAAAAAAAAAAAAAAAAA
AAAAAAAAAAAAAAAAAAAAAAAAA
AAAAAAAAAAAAAAAAAAAAAAAAA
AAAAAAAAAAAAAAAAAAAAAAAAA
AAAAAAAAAAAAAAAAAAAAAAAAA
AAAAAAAAAAAAAAAAAAAAAAAAA
AAAAAAAAAAAAAAAAAAAAAAAAA
AAAAAAAAAAAAAAAAAAAAAAAAA
AAAAAAAAAAAAAAAAAAAAAAAAA
AAAAAAAAAAAAAAAAAAAAAAAAA
AAAAAAAAAAAAAAAAAAAAAAAAA
AAAAAAAAAAAAAAAAAAAAAAAAA
AAAAAAAAAAAAAAAAAAAAAAAAA
AAAAAAAAAAAAAAAAAAAAAAAAA
AAAAAAAAAAAAAAAAAAAAAAAAA
AAAAAAAAAAAAAAAAAAAAAAAAA
AAAAAAAAAAAAAAAAAAAAAAAAA
AAAAAAAAAAAAAAAAAAAAAAAAA
AAAAAAAAAAAAAAAAAAAAAAAAA
AAAAAAAAAAAAAAAAAAAAAAAAA
AAAAAAAAAAAAAAAAAAAAAAAAA
AAAAAAAAAAAAAAAAAAAAAAAAA
AAAAAAAAAAAAAAAAAAAAAAAAA
AAAAAAAAAAAAAAAAAAAAAAAAA
AAAAAAAAAAAAAAAAAAAAAAAAA
Case #43:
ACCBB
ACCBB
ACCBB
ACCBB
ACCBB
Case #44:
JAUUUUUUUUUUUUUUUUUUUUUUU
JAUUUUUUUUUUUUUUUUUUUUUUU
JAUUUUUUUUUUUUUUUUUUUUUUU
JAUUUUUUUUUUUUUUUUUUUUUUU
JAUUUUUUUUUUUUUUUUUUUUUUU
JAUUUUUUUUUUUUUUUUUUUUUUU
JAUUUUUUUUUUUUUUUUUUUUUUU
JAUUUUUUUUUUUUUUUUUUUUUUU
JAUUUUUUUUUUUUUUUUUUUUUUU
JAUUUUUUUUUUUUUUUUUUUUUUU
JAUUUUUUUUUUUUUUUUUUUUUUU
TAUUUUUUUUUUUUUUUUUUUUUUU
CAEFFFFFFFFFFFFFFFFFFFFFF
QAEGGGGGGGGGGGGGGGGGGGGGG
QLEZZPPPPPPPPPPPPPPPPPPPP
QDNBMYRRRRRRRRRRRRRRRRRRR
QDNIXYRRRRRRRRRRRRRRRRRRR
KDNVXYRRRRRRRRRRRRRRRRRRR
SOWHXYRRRRRRRRRRRRRRRRRRR
SOWHXYRRRRRRRRRRRRRRRRRRR
SOWHXYRRRRRRRRRRRRRRRRRRR
SOWHXYRRRRRRRRRRRRRRRRRRR
SOWHXYRRRRRRRRRRRRRRRRRRR
SOWHXYRRRRRRRRRRRRRRRRRRR
SOWHXYRRRRRRRRRRRRRRRRRRR
Case #45:
ACDEEEEEEEEEEEEEEEEEEEEEE
ACDEEEEEEEEEEEEEEEEEEEEEE
ACDEEEEEEEEEEEEEEEEEEEEEE
ACDEEEEEEEEEEEEEEEEEEEEEE
ACDEEEEEEEEEEEEEEEEEEEEEE
ACDEEEEEEEEEEEEEEEEEEEEEE
ACDEEEEEEEEEEEEEEEEEEEEEE
ACDEEEEEEEEEEEEEEEEEEEEEE
ACDEEEEEEEEEEEEEEEEEEEEEE
BCDEEEEEEEEEEEEEEEEEEEEEE
BCDEEEEEEEEEEEEEEEEEEEEEE
BCDEEEEEEEEEEEEEEEEEEEEEE
BCDEEEEEEEEEEEEEEEEEEEEEE
BCDEEEEEEEEEEEEEEEEEEEEEE
BCDEEEEEEEEEEEEEEEEEEEEEE
BCDEEEEEEEEEEEEEEEEEEEEEE
BCDEEEEEEEEEEEEEEEEEEEEEE
BCDEEEEEEEEEEEEEEEEEEEEEE
BCDEEEEEEEEEEEEEEEEEEEEEE
BCDEEEEEEEEEEEEEEEEEEEEEE
BCDEEEEEEEEEEEEEEEEEEEEEE
BCDEEEEEEEEEEEEEEEEEEEEEE
BCDEEEEEEEEEEEEEEEEEEEEEE
BCDEEEEEEEEEEEEEEEEEEEEEE
BCDEEEEEEEEEEEEEEEEEEEEEE
Case #46:
VVVHDDDDDDDDTFFFFEBBBLLLM
VVVHDDDDDDDDTFFFFEBBBLLLM
VVVHDDDDDDDDTFFFFEBBBLLLM
VVVHDDDDDDDDTFFFFEBBBLLLM
VVVHDDDDDDDDTFFFFEBBBLLLM
VVVHDDDDDDDDTFFFFEBBBLLLM
VVVHDDDDDDDDTFFFFEBBBLLLM
VVVHDDDDDDDDTFFFFEBBBLLLM
VVVHDDDDDDDDTFFFFEBBBLLLM
VVVHDDDDDDDDTFFFFEBBBGSSM
VVVHDDDDDDDDTFFFFEBBBGSSM
VVVHDDDDDDDDTFFFFEBBBGSSM
VVVHDDDDDDDDTFFFFEBBBGSSM
VVVHDDDDDDDDTFFFFEBBBKSSM
VVVHDDDDDDDDTNNAOEBBBKSSM
VVVHUUQZCCCCTNNAOEBBBKSSM
VVVHUUQZCCCCTNNAOEBBBKSSM
VVVHUUQZCCCCTNNAOEBBBKSSM
VVVHUUQZCCCCTNNAIEPWWKRRM
VVVHUUQZCCCCTNNAIEPWWKRRM
VVVHUUQZCCCCTNNAXEPWWKRRM
VVVHUUQZCCCCTNNAXEPWWKRRM
VVVHUUQZCCCCTNNAXYPWWKRRM
VVVHUUQZCCCCTNNAXYPWWKRRM
VVVHUUQZCCCCTNNAXJPWWKRRM
Case #47:
YYYYUXXXXZZNOVVFLLDDDTAGG
YYYYUXXXXZZNOVVFLLDDDTAGG
YYYYUXXXXZZNOVVFLLDDDTAGG
YYYYUXXXXZZNOVVFLLDDDTAGG
YYYYUXXXXZZNOVVFLLDDDTAGG
YYYYUXXXXZZNOVVFLLDDDTAGG
YYYYUXXXXHINOVVFLLDDDTAGG
YYYYUXXXXHINOVVFLLDDDTAGG
YYYYUXXXXHINOVVFLLDDDTAGG
YYYYUXXXXHINOVVFLLDDDTAGG
YYYYUXXXXHINOVVFLLDDDTAGG
YYYYUXXXXHINOVVFLLDDDTAGG
YYYYUXXXXHINOVVFLLDDDTAGG
YYYYUXXXXHINOVVFLLDDDTAGG
YYYYUXXXXHINOVVPRMMCJTAGG
YYYYUKKKKHINOVVPRMMCJTAGG
YYYYUKKKKHINOVVPRMMCJTAGG
YYYYBKKKKHINOVVPRMMCJTAGG
YYYYBKKKKHINOVVPRMMCJTAGG
YYYYSKKKKHINOVVPRMMCJTWGG
YYYYSKKKKHINOVVPRMMCJTWGG
YYYYSKKKKHINOVVPRMMCJTWGG
YYYYSKKKKHINOVVPRMMCJTWGG
YYYYSKKKKHINOVVPRMMCJTQGG
YYYYSKKKKHINOVVPREECJTQGG
Case #48:
BBBB
BBBB
BBBB
AAAA
Case #49:
HHHHHHHHHHHHHHHHHHHWEEEJJ
HHHHHHHHHHHHHHHHHHHWEEEJJ
HHHHHHHHHHHHHHHHHHHWEEEJJ
HHHHHHHHHHHHHHHHHHHWEEEJJ
HHHHHHHHHHHHHHHHHHHWEEEJJ
YMLVVVVVVVVVSSSTIIIWEEEJJ
YMLVVVVVVVVVSSSTIIIWEEEJJ
YMLVVVVVVVVVSSSTIIIWEEEJJ
YMLVVVVVVVVVSSSTIIIWORKJJ
YMLVVVVVVVVVSSSTIIIWORKXX
YMLVVVVVVVVVSSSTIIIWORKXX
YMLVVVVVVVVVSSSTIIIWORKXX
YMLVVVVVVVVVSSSTIIIWORKXX
YMLFFBBBZGCCSSSTIIIWORKXX
YMLFFBBBZGCCSSSTIIIWORKXX
YMLFFBBBZGCCSSSTIIIWORKXX
YQLFFBBBZGCCSSSTIIIWORKXX
YQLFFBBBZGCCSSSTIIIWORKXX
YQLFFBBBZGCCSSSTIIIWORKXX
YQLFFBBBZGCCSSSTIIIWORKXX
YQLFFBBBZGCCSSSTIIIWORKXX
YQLFFBBBZGCCDDDTIIIWORKXX
YQLFFBBBZGCCDDDTIIIWORKXX
YQLFFBBBZGNPDDDTIIIAORKXX
YQLFFBBBZGNPUUUTIIIAORKXX
Case #50:
RRRRRRRRRRRRRRRRRRRRRRRRR
RRRRRRRRRRRRRRRRRRRRRRRRR
RRRRRRRRRRRRRRRRRRRRRRRRR
RRRRRRRRRRRRRRRRRRRRRRRRR
RRRRRRRRRRRRRRRRRRRRRRRRR
RRRRRRRRRRRRRRRRRRRRRRRRR
RRRRRRRRRRRRRRRRRRRRRRRRR
RRRRRRRRRRRRRRRRRRRRRRRRR
RRRRRRRRRRRRRRRRRRRRRRRRR
RRRRRRRRRRRRRRRRRRRRRRRRR
RRRRRRRRRRRRRRRRRRRRRRRRR
RRRRRRRRRRRRRRRRRRRRRRRRR
VVVVVVVVVVVVVVVVVVVVVVVVV
VVVVVVVVVVVVVVVVVVVVVVVVV
LXAKKSSYNEIIIIIIIIIIIIIII
LXAKKSSYNEIIIIIIIIIIIIIII
LXAKKSSYNEIIIIIIIIIIIIIII
LXAPMSSYNEIIIIIIIIIIIIIII
LXAPMJJYNEIIIIIIIIIIIIIII
LXAPDZFYNEIIIIIIIIIIIIIII
LXAPDZFYNEIIIIIIIIIIIIIII
LXAPDZFYNEIIIIIIIIIIIIIII
LBAPTZFYNEIIIIIIIIIIIIIII
LUWPCZQYNEIIIIIIIIIIIIIII
GUWPOZQYNHIIIIIIIIIIIIIII
Case #51:
JGBKEDDIICFLLHHMMMMAAAAAA
Case #52:
ABCDEFGHIJKLMNOPQRSTUVWXY
ABCDEFGHIJKLMNOPQRSTUVWXY
ABCDEFGHIJKLMNOPQRSTUVWXY
ABCDEFGHIJKLMNOPQRSTUVWXY
ABCDEFGHIJKLMNOPQRSTUVWXY
ABCDEFGHIJKLMNOPQRSTUVWXY
ABCDEFGHIJKLMNOPQRSTUVWXY
ABCDEFGHIJKLMNOPQRSTUVWXY
ABCDEFGHIJKLMNOPQRSTUVWXY
ABCDEFGHIJKLMNOPQRSTUVWXY
ABCDEFGHIJKLMNOPQRSTUVWXY
ABCDEFGHIJKLMNOPQRSTUVWXY
ABCDEFGHIJKLMNOPQRSTUVWXY
ABCDEFGHIJKLMNOPQRSTUVWXY
ABCDEFGHIJKLMNOPQRSTUVWXY
ABCDEFGHIJKLMNOPQRSTUVWXY
ABCDEFGHIJKLMNOPQRSTUVWXY
ABCDEFGHIJKLMNOPQRSTUVWXY
ABCDEFGHIJKLMNOPQRSTUVWXY
ABCDEFGHIJKLMNOPQRSTUVWXY
ABCDEFGHIJKLMNOPQRSTUVWXY
ABCDEFGHIJKLMNOPQRSTUVWXY
ABCDEFGHIJKLMNOPQRSTUVWXY
ABCDEFGHIJKLMNOPQRSTUVWXY
ABCDEFGHIJKLMNOPQRSTUVWXY
Case #53:
GQOLKNHHHHWCCCCCCCCCCCCCC
GQOLKNHHHHWCCCCCCCCCCCCCC
GQOLKNHHHHWCCCCCCCCCCCCCC
GQOLKNHHHHWCCCCCCCCCCCCCC
GQOLKNHHHHWCCCCCCCCCCCCCC
GQOLKNHHHHWCCCCCCCCCCCCCC
GQOLKNHHHHWCCCCCCCCCCCCCC
GQOLKNHHHHWCCCCCCCCCCCCCC
GQOLKNHHHHWCCCCCCCCCCCCCC
GQOLKNHHHHWCCCCCCCCCCCCCC
GQOLKNHHHHWCCCCCCCCCCCCCC
GQOLKNHHHHWCCCCCCCCCCCCCC
GQOLKNHHHHWCCCCCCCCCCCCCC
GQOLKNHHHHWCCCCCCCCCCCCCC
GQOLKNHHHHWCCCCCCCCCCCCCC
GQOLKNHHHHWCCCCCCCCCCCCCC
GQOLKNHHHHWCCCCCCCCCCCCCC
GQOLKNHHHHWCCCCCCCCCCCCCC
GQOLKSSBIPFCCCCCCCCCCCCCC
GQAUKSSBIPFCCCCCCCCCCCCCC
VQXZKSSEIPFCCCCCCCCCCCCCC
VQMRKSSEIPFCCCCCCCCCCCCCC
VQYRKDDEIPFCCCCCCCCCCCCCC
VQYRJTTEIPFCCCCCCCCCCCCCC
VQYRJTTEIPFCCCCCCCCCCCCCC
Case #54:
SSIOORBBBBQUUHXXXXXXXXNNC
SSIOORBBBBQUUHXXXXXXXXNNC
SSIOORBBBBQUUHXXXXXXXXNNC
SSIOORBBBBQUUHXXXXXXXXNNG
SSIOORBBBBQUUHXXXXXXXXNNG
SSIOORBBBBQUUHXXXXXXXXNNG
SSIOORBBBBQUUHXXXXXXXXNNG
SSIOORBBBBQUUHXXXXXXXXNNG
SSIOORBBBBQUUHXXXXXXXXNNG
SSIOORBBBBQUUHXXXXXXXXNNG
SSIOORDEEAQUUHXXXXXXXXNNG
SSIOORDEEAQUUHXXXXXXXXNNG
SSIOOPDEEAQUUHJJFFKTTTNNG
SSIOOPDEEAQUUHJJFFKTTTNNG
SSIOOPDEEAQUUHJJFFKTTTNNG
SSIOOPDEEAQUUHJJFFKTTTNNG
SSIOOPDEEAQUUHJJFFKTTTNNG
SSIOOPDEEAQVVHJJFFKTTTNNG
SSIOOPDEEAQVVHJJFFKTTTNNG
SSIOOWDEEAQVVHJJFFKTTTNNG
SSIZZWDEEAQVVHJJFFKTTTNNG
SSIZZWDEEAQYYHJJFFKTTTNNG
SSIZZWDEEAQLMHJJFFKTTTNNG
SSIZZWDEEAQLMHJJFFKTTTNNG
SSIZZWDEEAQLMHJJFFKTTTNNG
Case #55:
AAAAAAAAAAAAAAAAAAAAAAAAB
AAAAAAAAAAAAAAAAAAAAAAAAB
AAAAAAAAAAAAAAAAAAAAAAAAB
AAAAAAAAAAAAAAAAAAAAAAAAB
AAAAAAAAAAAAAAAAAAAAAAAAB
AAAAAAAAAAAAAAAAAAAAAAAAB
AAAAAAAAAAAAAAAAAAAAAAAAB
AAAAAAAAAAAAAAAAAAAAAAAAB
AAAAAAAAAAAAAAAAAAAAAAAAB
AAAAAAAAAAAAAAAAAAAAAAAAB
CCCCCCCCCCCCCCCCCCCCCCCCB
CCCCCCCCCCCCCCCCCCCCCCCCD
EEEEEEEEEEEEEEEEEEEEEEEED
EEEEEEEEEEEEEEEEEEEEEEEED
EEEEEEEEEEEEEEEEEEEEEEEED
EEEEEEEEEEEEEEEEEEEEEEEED
EEEEEEEEEEEEEEEEEEEEEEEED
EEEEEEEEEEEEEEEEEEEEEEEED
EEEEEEEEEEEEEEEEEEEEEEEED
EEEEEEEEEEEEEEEEEEEEEEEED
EEEEEEEEEEEEEEEEEEEEEEEED
EEEEEEEEEEEEEEEEEEEEEEEED
EEEEEEEEEEEEEEEEEEEEEEEED
EEEEEEEEEEEEEEEEEEEEEEEED
EEEEEEEEEEEEEEEEEEEEEEEED
Case #56:
FFFFFFFFFFFFFFFFFFFFFFFFX
FFFFFFFFFFFFFFFFFFFFFFFFX
FFFFFFFFFFFFFFFFFFFFFFFFX
AAAAAAAAAAAAAAAAAAAAAAAAX
BBBBBBBBBBBBBBBBBBBBBBBTS
NNNNNNNNNNNNNNNNNNNCRVZQS
NNNNNNNNNNNNNNNNNNNCRVZQS
NNNNNNNNNNNNNNNNNNNCRVZMO
NNNNNNNNNNNNNNNNNNNYKVEMP
NNNNNNNNNNNNNNNNNNNYKWJMP
NNNNNNNNNNNNNNNNNNNYKWJUD
NNNNNNNNNNNNNNNNNNNYKWHUL
NNNNNNNNNNNNNNNNNNNYKWHGL
NNNNNNNNNNNNNNNNNNNYKWHGL
NNNNNNNNNNNNNNNNNNNYKWHGI
NNNNNNNNNNNNNNNNNNNYKWHGI
NNNNNNNNNNNNNNNNNNNYKWHGI
NNNNNNNNNNNNNNNNNNNYKWHGI
NNNNNNNNNNNNNNNNNNNYKWHGI
NNNNNNNNNNNNNNNNNNNYKWHGI
NNNNNNNNNNNNNNNNNNNYKWHGI
NNNNNNNNNNNNNNNNNNNYKWHGI
NNNNNNNNNNNNNNNNNNNYKWHGI
NNNNNNNNNNNNNNNNNNNYKWHGI
NNNNNNNNNNNNNNNNNNNYKWHGI
Case #57:
AAA
AAA
AAA
AAA
AAA
Case #58:
ABCDEFGHIJKLMNOPQRSTUVWXY
ABCDEFGHIJKLMNOPQRSTUVWXY
ABCDEFGHIJKLMNOPQRSTUVWXY
ABCDEFGHIJKLMNOPQRSTUVWXY
ABCDEFGHIJKLMNOPQRSTUVWXY
ABCDEFGHIJKLMNOPQRSTUVWXY
ABCDEFGHIJKLMNOPQRSTUVWXY
ABCDEFGHIJKLMNOPQRSTUVWXY
ABCDEFGHIJKLMNOPQRSTUVWXY
ABCDEFGHIJKLMNOPQRSTUVWXY
ABCDEFGHIJKLMNOPQRSTUVWXY
ABCDEFGHIJKLMNOPQRSTUVWXY
ABCDEFGHIJKLMNOPQRSTUVWXY
ABCDEFGHIJKLMNOPQRSTUVWXY
ABCDEFGHIJKLMNOPQRSTUVWXY
ABCDEFGHIJKLMNOPQRSTUVWXY
ABCDEFGHIJKLMNOPQRSTUVWXY
ABCDEFGHIJKLMNOPQRSTUVWXY
ABCDEFGHIJKLMNOPQRSTUVWXY
ABCDEFGHIJKLMNOPQRSTUVWXY
ABCDEFGHIJKLMNOPQRSTUVWXY
ABCDEFGHIJKLMNOPQRSTUVWXY
ABCDEFGHIJKLMNOPQRSTUVWXY
ABCDEFGHIJKLMNOPQRSTUVWXY
ABCDEFGHIJKLMNOPQRSTUVWXY
Case #59:
WWWKQEEEDJHMUXXXRRLLPTZVV
WWWKQEEEDJHMUXXXRRLLPTZVV
WWWKQEEEDJHMUXXXRRLLPTZVV
WWWKQEEEDJHMUXXXRRLLPTZVV
WWWKQEEEDJHMUXXXRRLLPTZVV
WWWKQEEEDJHMUXXXRRLLPTZVV
WWWKQEEEDJHMUXXXRRLLPTZVV
WWWKQEEEDJHMUXXXRRLLPTZVV
WWWKQEEEDJHMUXXXRRLLPTZVV
WWWKQEEEDJHMUXXXRRLLPTZVV
NNNKQEEEDJHMUXXXRRLLPTZVV
NNNKQEEEDJHMUXXXRRLLPTZVV
NNNKQEEEDJHMUXXXRRLLPTZVV
NNNKQEEEDJHMUXXXRRLLPTZVV
NNNKQEEEDJHMUXXXRRLLPTZVV
NNNKQEEEDJOMUXXXRRLLPTZVV
NNNKQEEEDJOMUXXXRRLLPTZVV
NNNKQEEEDJOMUXXXRRLLPTFVV
NNNKQEEEDJOMAXXXRRLLPTFVV
NNNKQEEEDJOMAXXXRRLLPTFVV
NNNKQEEEDJOMAXXXRRLLPTFVV
NNNKQEEEDJOMBXXXRRSYPTFVV
NNNKQEEEDJIMBXXXRRSYPTFVV
NNNKQEEEDJGMBXXXCCSYPTFVV
NNNKQEEEDJGMBXXXCCSYPTFVV
Case #60:
AAAAAAAAAAAACDEEEEEEEEEEE
AAAAAAAAAAAACDEEEEEEEEEEE
AAAAAAAAAAAACDEEEEEEEEEEE
AAAAAAAAAAAACDEEEEEEEEEEE
AAAAAAAAAAAACDEEEEEEEEEEE
AAAAAAAAAAAACDEEEEEEEEEEE
AAAAAAAAAAAACDEEEEEEEEEEE
AAAAAAAAAAAACDEEEEEEEEEEE
AAAAAAAAAAAACDEEEEEEEEEEE
AAAAAAAAAAAACDEEEEEEEEEEE
AAAAAAAAAAAACDEEEEEEEEEEE
BBBBBBBBBBBBCDEEEEEEEEEEE
BBBBBBBBBBBBCDEEEEEEEEEEE
BBBBBBBBBBBBCDEEEEEEEEEEE
BBBBBBBBBBBBCDEEEEEEEEEEE
BBBBBBBBBBBBCDEEEEEEEEEEE
BBBBBBBBBBBBCDEEEEEEEEEEE
BBBBBBBBBBBBCDEEEEEEEEEEE
BBBBBBBBBBBBCDEEEEEEEEEEE
BBBBBBBBBBBBCDEEEEEEEEEEE
BBBBBBBBBBBBCDEEEEEEEEEEE
BBBBBBBBBBBBCDEEEEEEEEEEE
BBBBBBBBBBBBCDEEEEEEEEEEE
BBBBBBBBBBBBCDEEEEEEEEEEE
BBBBBBBBBBBBCDEEEEEEEEEEE
Case #61:
BBAA
BBAA
BBAA
Case #62:
SSSSSSSSLLJGGGOOOMMMMMMMM
SSSSSSSSLLJGGGOOOMMMMMMMM
SSSSSSSSLLJGGGOOOMMMMMMMM
SSSSSSSSLLJGGGOOOMMMMMMMM
SSSSSSSSLLJGGGOOOMMMMMMMM
SSSSSSSSLLJGGGOOOMMMMMMMM
SSSSSSSSLLJGGGOOOMMMMMMMM
SSSSSSSSLLJGGGOOOMMMMMMMM
SSSSSSSSLLJGGGOOOMMMMMMMM
SSSSSSSSLLJGGGOOOMMMMMMMM
SSSSSSSSLLJGGGOOOMMMMMMMM
SSSSSSSSLLJGGGOOOMMMMMMMM
SSSSSSSSLLJGGGOOOMMMMMMMM
SSSSSSSSLLJGGGFFFMMMMMMMM
SSSSSSSSLLJUYYFFFXVVVEEEE
SSSSSSSSLLPUYYFFFXVVVEEEE
QQQQQQQQLLPUHBFFFXVVVEEEE
QQQQQQQQLLPZHBKKWCDDDEEEE
QQQQQQQQLLPZABKKWCDDDEEEE
QQQQQQQQLLPNABKKTRDDDEEEE
QQQQQQQQLLPNABKKTRDDDEEEE
QQQQQQQQLLPNAIKKTRDDDEEEE
QQQQQQQQLLPNAIKKTRDDDEEEE
QQQQQQQQLLPNAIKKTRDDDEEEE
QQQQQQQQLLPNAIKKTRDDDEEEE
Case #63:
SHHHZZZZZZZZZQQNDDDKKUEMM
SHHHZZZZZZZZZQQNDDDKKUEMM
SHHHZZZZZZZZZQQNDDDKKUEMM
SHHHZZZZZZZZZQQNDDDKKUEMM
SHHHZZZZZZZZZQQNDDDKKUEMM
SHHHZZZZZZZZZQQNDDDKKUEMM
SHHHZZZZZZZZZQQNDDDKKUEMM
SHHHZZZZZZZZZQQNDDDKKUEMM
SHHHZZZZZZZZZQQNDDDKKUEMM
SHHHZZZZZZZZZQQNDDDOGUEMM
SHHHPPPRRRTTJQQNDDDOGUEMM
SHHHPPPRRRTTJQQNDDDOGUEMM
SHHHPPPRRRTTJQQNDDDOXUEMM
SHHHPPPRRRTTJQQNDDDOXUEMM
SHHHPPPRRRCBJQQNDDDOVUEMM
SHHHPPPRRRCBJQQNDDDOVUEMM
SIIIPPPRRRCBJQQNDDDOVUEMM
SIIIPPPRRRCBJQQNDDDOVUEMM
SIIIPPPRRRCAJQQNDDDOVUEMM
SIIIYYYRRRCAJQQNDDDOVUEMM
SIIIYYYRRRCAJQQNDDDOVUEMM
SIIIYYYRRRCAJQQLDDDOVUEMM
FIIIYYYRRRCAJQQLDDDOVUEMM
FIIIYYYRRRCAJQQLDDDOVUEMM
FIIIYYYRRRCAWQQLDDDOVUEMM
Case #64:
KKKKKKKKKKTEHHHHHHHHIIAAB
KKKKKKKKKKTEHHHHHHHHIIAAB
KKKKKKKKKKTEHHHHHHHHIIAAB
KKKKKKKKKKTEHHHHHHHHIIAAB
KKKKKKKKKKTEHHHHHHHHIIAAB
KKKKKKKKKKTEHHHHHHHHIIAAB
ZMMMMMMMMMTEHHHHHHHHIIAAB
ZMMMMMMMMMTEHHHHHHHHIIAAB
ZMMMMMMMMMTEHHHHHHHHIIDXB
ZMMMMMMMMMTEHHHHHHHHVVDXB
WMMMMMMMMMTEUUPPCFFFVVDXB
WMMMMMMMMMTEUUPPCFFFVVDXB
WMMMMMMMMMTEUUPPCFFFVVDXB
YMMMMMMMMMTEUUPPCFFFVVDXB
YGGGGNNLLLTEUUPPCFFFQSDXB
YGGGGNNLLLTEUUPPCFFFQSDXB
YGGGGNNLLLTEUUPPCFFFQSDXB
YGGGGNNLLLTEUUPPCFFFQSDXB
YGGGGNNLLLTEUUPPCFFFQSDXB
YGGGGNNLLLOEUUPPCFFFQSDXB
YGGGGNNLLLOEUUPPCFFFQSDXB
YGGGGNNLLLOEUUPPCFFFQSDXB
YGGGGNNLLLOEUUPPCFFFQSDXB
YGGGGNNLLLOEUUPPCFFFQSDXR
YGGGGNNLLLOEUUPPCJJJQSDXR
Case #65:
AAAAAAAAAAAAAAAAAAAAAAAAA
BBBBBBBBBBBBBBBBBBBBBBBBB
CCCCCCCCCCCCCCCCCCCCCCCCC
DDDDDDDDDDDDDDDDDDDDDDDDD
EEEEEEEEEEEEEEEEEEEEEEEEE
FFFFFFFFFFFFFFFFFFFFFFFFF
GGGGGGGGGGGGGGGGGGGGGGGGG
HHHHHHHHHHHHHHHHHHHHHHHHH
IIIIIIIIIIIIIIIIIIIIIIIII
JJJJJJJJJJJJJJJJJJJJJJJJJ
KKKKKKKKKKKKKKKKKKKKKKKKK
LLLLLLLLLLLLLLLLLLLLLLLLL
MMMMMMMMMMMMMMMMMMMMMMMMM
NNNNNNNNNNNNNNNNNNNNNNNNN
OOOOOOOOOOOOOOOOOOOOOOOOO
PPPPPPPPPPPPPPPPPPPPPPPPP
QQQQQQQQQQQQQQQQQQQQQQQQQ
RRRRRRRRRRRRRRRRRRRRRRRRR
SSSSSSSSSSSSSSSSSSSSSSSSS
TTTTTTTTTTTTTTTTTTTTTTTTT
UUUUUUUUUUUUUUUUUUUUUUUUU
VVVVVVVVVVVVVVVVVVVVVVVVV
WWWWWWWWWWWWWWWWWWWWWWWWW
XXXXXXXXXXXXXXXXXXXXXXXXX
YYYYYYYYYYYYYYYYYYYYYYYYY
Case #66:
AAAAAAAAAAAAAAAAAAAAAALLL
MMMMMMMMMMMMMMQQVVVVSSKNN
MMMMMMMMMMMMMMQQVVVVSSKNN
MMMMMMMMMMMMMMQQVVVVBZKNN
MMMMMMMMMMMMMMQQIIIIBZKNN
MMMMMMMMMMMMMMQQHFFEBZKNN
MMMMMMMMMMMMMMQQHFFEYZKOO
MMMMMMMMMMMMMMQQHFFEYZKTJ
MMMMMMMMMMMMMMQQHFFXYDKTJ
MMMMMMMMMMMMMMQQHFFXYDUTJ
MMMMMMMMMMMMMMQQHFFXYDPTJ
MMMMMMMMMMMMMMQQHFFXYDPTJ
MMMMMMMMMMMMMMQQHFFXYRPWJ
MMMMMMMMMMMMMMQQHFFXYRGCJ
MMMMMMMMMMMMMMQQHFFXYRGCJ
MMMMMMMMMMMMMMQQHFFXYRGCJ
MMMMMMMMMMMMMMQQHFFXYRGCJ
MMMMMMMMMMMMMMQQHFFXYRGCJ
MMMMMMMMMMMMMMQQHFFXYRGCJ
MMMMMMMMMMMMMMQQHFFXYRGCJ
MMMMMMMMMMMMMMQQHFFXYRGCJ
MMMMMMMMMMMMMMQQHFFXYRGCJ
MMMMMMMMMMMMMMQQHFFXYRGCJ
MMMMMMMMMMMMMMQQHFFXYRGCJ
MMMMMMMMMMMMMMQQHFFXYRGCJ
Case #67:
ABCDEFGHIJKLMNOPQRSTUVWXY
ABCDEFGHIJKLMNOPQRSTUVWXY
ABCDEFGHIJKLMNOPQRSTUVWXY
ABCDEFGHIJKLMNOPQRSTUVWXY
ABCDEFGHIJKLMNOPQRSTUVWXY
ABCDEFGHIJKLMNOPQRSTUVWXY
ABCDEFGHIJKLMNOPQRSTUVWXY
ABCDEFGHIJKLMNOPQRSTUVWXY
ABCDEFGHIJKLMNOPQRSTUVWXY
ABCDEFGHIJKLMNOPQRSTUVWXY
ABCDEFGHIJKLMNOPQRSTUVWXY
ABCDEFGHIJKLMNOPQRSTUVWXY
ABCDEFGHIJKLMNOPQRSTUVWXY
ABCDEFGHIJKLMNOPQRSTUVWXY
ABCDEFGHIJKLMNOPQRSTUVWXY
ABCDEFGHIJKLMNOPQRSTUVWXY
ABCDEFGHIJKLMNOPQRSTUVWXY
ABCDEFGHIJKLMNOPQRSTUVWXY
ABCDEFGHIJKLMNOPQRSTUVWXY
ABCDEFGHIJKLMNOPQRSTUVWXY
ABCDEFGHIJKLMNOPQRSTUVWXY
ABCDEFGHIJKLMNOPQRSTUVWXY
ABCDEFGHIJKLMNOPQRSTUVWXY
ABCDEFGHIJKLMNOPQRSTUVWXY
ABCDEFGHIJKLMNOPQRSTUVWXY
Case #68:
VVVVVVVVVEIHHHHHHHHHHHHHH
VVVVVVVVVEIHHHHHHHHHHHHHH
VVVVVVVVVEIHHHHHHHHHHHHHH
VVVVVVVVVEIHHHHHHHHHHHHHH
VVVVVVVVVEIHHHHHHHHHHHHHH
VVVVVVVVVEIHHHHHHHHHHHHHH
VVVVVVVVVEIHHHHHHHHHHHHHH
VVVVVVVVVEIHHHHHHHHHHHHHH
VVVVVVVVVEIHHHHHHHHHHHHHH
VVVVVVVVVEIHHHHHHHHHHHHHH
VVVVVVVVVEIHHHHHHHHHHHHHH
VVVVVVVVVEIHHHHHHHHHHHHHH
VVVVVVVVVEIHHHHHHHHHHHHHH
VVVVVVVVVEIHHHHHHHHHHHHHH
VVVVVVVVVEIHHHHHHHHHHHHHH
VVVVVVVVVEIHHHHHHHHHHHHHH
VVVVVVVVVEIHHHHHHHHHHHHHH
VVVVVVVVVEIHHHHHHHHHHHHHH
BBBBBBWSMXIHHHHHHHHHHHHHH
BBBBBBWSMXICKRYYYYYYYYYYY
NNNNNNQZFXICKRYYYYYYYYYYY
UUUUUUQJGLACKRYYYYYYYYYYY
UUUUUUQOGLACPRYYYYYYYYYYY
UUUUUUQOGLDCPRYYYYYYYYYYY
UUUUUUQOGTDCPRYYYYYYYYYYY
Case #69:
IIIIIIIHODDDDDDDDDNLLLLLL
IIIIIIIHODDDDDDDDDNLLLLLL
IIIIIIIHODDDDDDDDDNLLLLLL
IIIIIIIHODDDDDDDDDNLLLLLL
IIIIIIIHODDDDDDDDDNLLLLLL
IIIIIIIHODDDDDDDDDNLLLLLL
IIIIIIIHORRGGTYCCCNLLLLLL
IIIIIIIHORRGGTYCCCNLLLLLL
IIIIIIIHORRGGTYCCCNLLLLLL
IIIIIIIHORRGGTYCCCNPBJQUS
IIIIIIIHORRGGTYCCCNPBJQUS
IIIIIIIHORRGGTYCCCNPBJQUS
WWWWWWWHOFEGGTYCCCNPBJQUS
WWWWWWWHOFEGGTYCCCNPBJQUS
WWWWWWWHOFEGGTYCCCNPBJQUS
WWWWWWWHOFEGGTYCCCNPBJQUS
WWWWWWWHOFEGGTYCCCNPBJQVS
WWWWWWWHOFEGGTYCCCNPBJQVS
WWWWWWWHOFEGGTYCCCNPBJQVS
WWWWWWWHOFEGGTYCCCNPBJQVS
WWWWWWWHOKEGGTYCCCNPBJXVS
WWWWWWWHOKEGGTYCCCNPBJZVS
WWWWWWWHOKEGGTYCCCNPBJZVS
WWWWWWWHOKEGGTYCCCNPBJZMS
WWWWWWWHOKEGGTYCCCNPBJAMS
Case #70:
ABCDEFGHIJKLMNOPQRSTUVWXY
ABCDEFGHIJKLMNOPQRSTUVWXY
ABCDEFGHIJKLMNOPQRSTUVWXY
ABCDEFGHIJKLMNOPQRSTUVWXY
ABCDEFGHIJKLMNOPQRSTUVWXY
ABCDEFGHIJKLMNOPQRSTUVWXY
ABCDEFGHIJKLMNOPQRSTUVWXY
ABCDEFGHIJKLMNOPQRSTUVWXY
ABCDEFGHIJKLMNOPQRSTUVWXY
ABCDEFGHIJKLMNOPQRSTUVWXY
ABCDEFGHIJKLMNOPQRSTUVWXY
ABCDEFGHIJKLMNOPQRSTUVWXY
ABCDEFGHIJKLMNOPQRSTUVWXY
ABCDEFGHIJKLMNOPQRSTUVWXY
ABCDEFGHIJKLMNOPQRSTUVWXY
ABCDEFGHIJKLMNOPQRSTUVWXY
ABCDEFGHIJKLMNOPQRSTUVWXY
ABCDEFGHIJKLMNOPQRSTUVWXY
ABCDEFGHIJKLMNOPQRSTUVWXY
ABCDEFGHIJKLMNOPQRSTUVWXY
ABCDEFGHIJKLMNOPQRSTUVWXY
ABCDEFGHIJKLMNOPQRSTUVWXY
ABCDEFGHIJKLMNOPQRSTUVWXY
ABCDEFGHIJKLMNOPQRSTUVWXY
ABCDEFGHIJKLMNOPQRSTUVWXY
Case #71:
AAAAAAAAAAAAAAAAAAAAAAAAA
BBBBBBBBBBBBBBBBBBBBBBBBB
CCCCCCCCCCCCCCCCCCCCCCCCC
DDDDDDDDDDDDDDDDDDDDDDDDD
EEEEEEEEEEEEEEEEEEEEEEEEE
FFFFFFFFFFFFFFFFFFFFFFFFF
GGGGGGGGGGGGGGGGGGGGGGGGG
HHHHHHHHHHHHHHHHHHHHHHHHH
IIIIIIIIIIIIIIIIIIIIIIIII
JJJJJJJJJJJJJJJJJJJJJJJJJ
KKKKKKKKKKKKKKKKKKKKKKKKK
LLLLLLLLLLLLLLLLLLLLLLLLL
MMMMMMMMMMMMMMMMMMMMMMMMM
NNNNNNNNNNNNNNNNNNNNNNNNN
OOOOOOOOOOOOOOOOOOOOOOOOO
PPPPPPPPPPPPPPPPPPPPPPPPP
QQQQQQQQQQQQQQQQQQQQQQQQQ
RRRRRRRRRRRRRRRRRRRRRRRRR
SSSSSSSSSSSSSSSSSSSSSSSSS
TTTTTTTTTTTTTTTTTTTTTTTTT
UUUUUUUUUUUUUUUUUUUUUUUUU
VVVVVVVVVVVVVVVVVVVVVVVVV
WWWWWWWWWWWWWWWWWWWWWWWWW
XXXXXXXXXXXXXXXXXXXXXXXXX
YYYYYYYYYYYYYYYYYYYYYYYYY
Case #72:
EGYCQWWWJJIXXXXXXXXXXXXTN
EGYCQWWWJJIXXXXXXXXXXXXTN
EGYCQWWWJJIXXXXXXXXXXXXTN
EGYCQWWWJJIXXXXXXXXXXXXTN
EGYCQWWWJJIXXXXXXXXXXXXTN
EGYCQWWWJJIXXXXXXXXXXXXTN
EGYCQWWWJJIXXXXXXXXXXXXTN
EGYCQWWWJJIXXXXXXXXXXXXTN
EGYCQWWWJJIXXXXXXXXXXXXTN
EGYCQWWWJJIHHPPBBLLLLLLTN
EGYCQWWWJJIHHPPBBLLLLLLTN
EGYCQWWWJJIHHPPBBMMMMMKTN
EGYCQWWWJJIHHPPBBMMMMMKTN
EGYCQWWWJJIHHPPBBMMMMMKTN
EGYCQWWWJJIHHPPBBMMMMMKTN
EGYCQWWWJJIHHPPBBMMMMMKTN
EAYCQWWWJJIHHPPBBMMMMMKTN
EAYCQWWWJJIHHPPBBMMMMMKTN
EAYCQWWWRRIHHPPBBMMMMMKTN
EAYCQWWWRRIHHPPBBMMMMMKTN
EAYCQWWWRRIHHPPBBMMMMMKTN
EAYCQWWWDDIHHPPBBMMMMMKTN
EAYCQWWWDDIHHPPBBOOOOUKVN
EAYCQWWWDDIHHPPBBOOOOUKSN
EAYCQWWWZZFHHPPBBOOOOUKSN
Case #73:
AAA
AAA
AAA
AAA
Case #74:
A
A
Case #75:
A
B
Case #76:
GGA
CCE
BDF
Case #77:
F
F
D
D
D
M
M
H
C
G
E
E
B
B
B
B
K
I
I
A
A
J
J
L
L
Case #78:
AAACDEEEEEEEEEEEEEEEEEEEE
AAACDEEEEEEEEEEEEEEEEEEEE
AAACDEEEEEEEEEEEEEEEEEEEE
AAACDEEEEEEEEEEEEEEEEEEEE
AAACDEEEEEEEEEEEEEEEEEEEE
AAACDEEEEEEEEEEEEEEEEEEEE
AAACDEEEEEEEEEEEEEEEEEEEE
AAACDEEEEEEEEEEEEEEEEEEEE
AAACDEEEEEEEEEEEEEEEEEEEE
AAACDEEEEEEEEEEEEEEEEEEEE
AAACDEEEEEEEEEEEEEEEEEEEE
AAACDEEEEEEEEEEEEEEEEEEEE
AAACDEEEEEEEEEEEEEEEEEEEE
AAACDEEEEEEEEEEEEEEEEEEEE
AAACDEEEEEEEEEEEEEEEEEEEE
AAACDEEEEEEEEEEEEEEEEEEEE
AAACDEEEEEEEEEEEEEEEEEEEE
AAACDEEEEEEEEEEEEEEEEEEEE
AAACDEEEEEEEEEEEEEEEEEEEE
AAACDEEEEEEEEEEEEEEEEEEEE
AAACDEEEEEEEEEEEEEEEEEEEE
AAACDEEEEEEEEEEEEEEEEEEEE
AAACDEEEEEEEEEEEEEEEEEEEE
BBBCDEEEEEEEEEEEEEEEEEEEE
BBBCDEEEEEEEEEEEEEEEEEEEE
Case #79:
ABCDEFGHIJKLMNOPQRSTUVWXY
ABCDEFGHIJKLMNOPQRSTUVWXY
ABCDEFGHIJKLMNOPQRSTUVWXY
ABCDEFGHIJKLMNOPQRSTUVWXY
ABCDEFGHIJKLMNOPQRSTUVWXY
ABCDEFGHIJKLMNOPQRSTUVWXY
ABCDEFGHIJKLMNOPQRSTUVWXY
ABCDEFGHIJKLMNOPQRSTUVWXY
ABCDEFGHIJKLMNOPQRSTUVWXY
ABCDEFGHIJKLMNOPQRSTUVWXY
ABCDEFGHIJKLMNOPQRSTUVWXY
ABCDEFGHIJKLMNOPQRSTUVWXY
ABCDEFGHIJKLMNOPQRSTUVWXY
ABCDEFGHIJKLMNOPQRSTUVWXY
ABCDEFGHIJKLMNOPQRSTUVWXY
ABCDEFGHIJKLMNOPQRSTUVWXY
ABCDEFGHIJKLMNOPQRSTUVWXY
ABCDEFGHIJKLMNOPQRSTUVWXY
ABCDEFGHIJKLMNOPQRSTUVWXY
ABCDEFGHIJKLMNOPQRSTUVWXY
ABCDEFGHIJKLMNOPQRSTUVWXY
ABCDEFGHIJKLMNOPQRSTUVWXY
ABCDEFGHIJKLMNOPQRSTUVWXY
ABCDEFGHIJKLMNOPQRSTUVWXY
ABCDEFGHIJKLMNOPQRSTUVWXY
Case #80:
AAAAAAAAAAAAAAAAAAAAAAAAA
BBBBBBBBBBBBBBBBBBBBBBBBB
CCCCCCCCCCCCCCCCCCCCCCCCC
DDDDDDDDDDDDDDDDDDDDDDDDD
EEEEEEEEEEEEEEEEEEEEEEEEE
FFFFFFFFFFFFFFFFFFFFFFFFF
GGGGGGGGGGGGGGGGGGGGGGGGG
HHHHHHHHHHHHHHHHHHHHHHHHH
IIIIIIIIIIIIIIIIIIIIIIIII
JJJJJJJJJJJJJJJJJJJJJJJJJ
KKKKKKKKKKKKKKKKKKKKKKKKK
LLLLLLLLLLLLLLLLLLLLLLLLL
MMMMMMMMMMMMMMMMMMMMMMMMM
NNNNNNNNNNNNNNNNNNNNNNNNN
OOOOOOOOOOOOOOOOOOOOOOOOO
PPPPPPPPPPPPPPPPPPPPPPPPP
QQQQQQQQQQQQQQQQQQQQQQQQQ
RRRRRRRRRRRRRRRRRRRRRRRRR
SSSSSSSSSSSSSSSSSSSSSSSSS
TTTTTTTTTTTTTTTTTTTTTTTTT
UUUUUUUUUUUUUUUUUUUUUUUUU
VVVVVVVVVVVVVVVVVVVVVVVVV
WWWWWWWWWWWWWWWWWWWWWWWWW
XXXXXXXXXXXXXXXXXXXXXXXXX
YYYYYYYYYYYYYYYYYYYYYYYYY
Case #81:
AAAAAAAAACDEEEEFFFFFGGGGG
AAAAAAAAACDEEEEFFFFFGGGGG
AAAAAAAAACDEEEEFFFFFGGGGG
AAAAAAAAACDEEEEFFFFFGGGGG
AAAAAAAAACDEEEEFFFFFGGGGG
AAAAAAAAACDEEEEFFFFFGGGGG
AAAAAAAAACDEEEEFFFFFGGGGG
AAAAAAAAACDEEEEFFFFFGGGGG
BBBBBBBBBCDEEEEFFFFFGGGGG
BBBBBBBBBCDEEEEFFFFFGGGGG
BBBBBBBBBCDEEEEFFFFFGGGGG
BBBBBBBBBCDEEEEFFFFFGGGGG
BBBBBBBBBCDEEEEFFFFFGGGGG
BBBBBBBBBCDEEEEFFFFFGGGGG
BBBBBBBBBCDEEEEHHHHHGGGGG
BBBBBBBBBCDEEEEHHHHHIIIII
BBBBBBBBBCDEEEEJJJJJIIIII
BBBBBBBBBCDEEEEJJJJJIIIII
BBBBBBBBBCDEEEEJJJJJIIIII
BBBBBBBBBCDEEEEJJJJJIIIII
BBBBBBBBBCDEEEEJJJJJIIIII
BBBBBBBBBCDEEEEJJJJJIIIII
BBBBBBBBBCDEEEEJJJJJIIIII
BBBBBBBBBCDEEEEJJJJJIIIII
BBBBBBBBBCDEEEEJJJJJIIIII
Case #82:
QPKZEEEWWWWWHVGGCDDORRMFI
QPKZEEEWWWWWHVGGCDDORRMFI
QPKZEEEWWWWWHVGGCDDORRMFI
QPKZEEEWWWWWHVGGCDDORRMFI
QPKZEEEWWWWWHVGGCDDORRMFI
QPKZEEEWWWWWHVGGCDDORRMFI
QPKZEEEWWWWWHVGGCDDORRMFI
QPKZEEEWWWWWHVGGCDDORRMFI
QPKZYTTWWWWWHVGGCDDORRMFI
QPKZYTTWWWWWHVGGCDDORRMFI
QPKZYTTWWWWWHVGGCDDORRMFI
QPKZYTTWWWWWHVGGCDDORRMFI
QPKZYTTWWWWWHVGGCDDORRMFI
QPKZYTTWWWWWHVGGCDDORRMFI
QPKZYTTWWWWWHVGGCDDORRMFI
QPKZYTTWWWWWHVGGCDDORRMFI
QPKZYTTWWWWWHVGGCDDORRMFI
QPKZYTTWWWWWHSGGCDDORRMFI
QPKZYTTWWWWWHSGGCDDORRMAI
QPKZYTTWWWWWUSGGCDDORRMAI
QJKZYTTWWWWWUSGGNDDORRMAX
QJKZYTTBBBBBUSGGNDDORRMAX
QJKZYTTBBBBBUSGGNDDORRMAX
QJLZYTTBBBBBUSGGNDDORRMAX
QJLZYTTBBBBBUSGGNDDORRMAX
Case #83:
AAAAAACDEEEEEEEFFFFFGGGGG
AAAAAACDEEEEEEEFFFFFGGGGG
AAAAAACDEEEEEEEFFFFFGGGGG
AAAAAACDEEEEEEEFFFFFGGGGG
AAAAAACDEEEEEEEFFFFFGGGGG
AAAAAACDEEEEEEEFFFFFGGGGG
AAAAAACDEEEEEEEFFFFFGGGGG
AAAAAACDEEEEEEEFFFFFGGGGG
AAAAAACDEEEEEEEFFFFFGGGGG
AAAAAACDEEEEEEEFFFFFGGGGG
AAAAAACDEEEEEEEFFFFFGGGGG
BBBBBBCDEEEEEEEFFFFFGGGGG
BBBBBBCDEEEEEEEFFFFFGGGGG
BBBBBBCDEEEEEEEFFFFFGGGGG
BBBBBBCDEEEEEEEFFFFFGGGGG
BBBBBBCDEEEEEEEFFFFFGGGGG
BBBBBBCDEEEEEEEFFFFFGGGGG
BBBBBBCDEEEEEEEFFFFFGGGGG
BBBBBBCDEEEEEEEFFFFFGGGGG
BBBBBBCDEEEEEEEFFFFFGGGGG
BBBBBBCDEEEEEEEHHHHHGGGGG
BBBBBBCDEEEEEEEHHHHHIIIII
BBBBBBCDEEEEEEEJJJJJIIIII
BBBBBBCDEEEEEEEJJJJJIIIII
BBBBBBCDEEEEEEEJJJJJIIIII
Case #84:
AAAAAAABBBBBBBBBBBBBBBBBB
AAAAAAABBBBBBBBBBBBBBBBBB
AAAAAAABBBBBBBBBBBBBBBBBB
AAAAAAABBBBBBBBBBBBBBBBBB
AAAAAAABBBBBBBBBBBBBBBBBB
CCCCCCCBBBBBBBBBBBBBBBBBB
CCCCCCCDDDDDDDDDDDDDFHIJJ
EEEEEEEDDDDDDDDDDDDDFHIJJ
EEEEEEEDDDDDDDDDDDDDFHIJJ
EEEEEEEDDDDDDDDDDDDDFHIJJ
EEEEEEEDDDDDDDDDDDDDFHIJJ
EEEEEEEDDDDDDDDDDDDDFHIJJ
EEEEEEEDDDDDDDDDDDDDFHIJJ
EEEEEEEDDDDDDDDDDDDDFHIJJ
EEEEEEEDDDDDDDDDDDDDFHIJJ
EEEEEEEDDDDDDDDDDDDDFHIJJ
EEEEEEEDDDDDDDDDDDDDFHIJJ
EEEEEEEDDDDDDDDDDDDDFHIJJ
EEEEEEEDDDDDDDDDDDDDFHIJJ
EEEEEEEDDDDDDDDDDDDDGHIJJ
EEEEEEEDDDDDDDDDDDDDGHIJJ
EEEEEEEDDDDDDDDDDDDDGHIJJ
EEEEEEEDDDDDDDDDDDDDGHIJJ
EEEEEEEDDDDDDDDDDDDDGHIJJ
EEEEEEEDDDDDDDDDDDDDGHIJJ
Case #85:
AAAAAAACDEEEEEEEEEEEEEEEE
AAAAAAACDEEEEEEEEEEEEEEEE
AAAAAAACDEEEEEEEEEEEEEEEE
AAAAAAACDEEEEEEEEEEEEEEEE
AAAAAAACDEEEEEEEEEEEEEEEE
AAAAAAACDEEEEEEEEEEEEEEEE
AAAAAAACDEEEEEEEEEEEEEEEE
AAAAAAACDEEEEEEEEEEEEEEEE
AAAAAAACDEEEEEEEEEEEEEEEE
AAAAAAACDEEEEEEEEEEEEEEEE
AAAAAAACDEEEEEEEEEEEEEEEE
AAAAAAACDEEEEEEEEEEEEEEEE
AAAAAAACDEEEEEEEEEEEEEEEE
AAAAAAACDEEEEEEEEEEEEEEEE
AAAAAAACDEEEEEEEEEEEEEEEE
AAAAAAACDEEEEEEEEEEEEEEEE
BBBBBBBCDEEEEEEEEEEEEEEEE
BBBBBBBCDEEEEEEEEEEEEEEEE
BBBBBBBCDEEEEEEEEEEEEEEEE
BBBBBBBCDEEEEEEEEEEEEEEEE
BBBBBBBCDEEEEEEEEEEEEEEEE
BBBBBBBCDEEEEEEEEEEEEEEEE
BBBBBBBCDEEEEEEEEEEEEEEEE
BBBBBBBCDEEEEEEEEEEEEEEEE
BBBBBBBCDEEEEEEEEEEEEEEEE
Case #86:
ABCDEFGHIJKLMNOPQRSTUVWXY
ABCDEFGHIJKLMNOPQRSTUVWXY
ABCDEFGHIJKLMNOPQRSTUVWXY
ABCDEFGHIJKLMNOPQRSTUVWXY
ABCDEFGHIJKLMNOPQRSTUVWXY
ABCDEFGHIJKLMNOPQRSTUVWXY
ABCDEFGHIJKLMNOPQRSTUVWXY
ABCDEFGHIJKLMNOPQRSTUVWXY
ABCDEFGHIJKLMNOPQRSTUVWXY
ABCDEFGHIJKLMNOPQRSTUVWXY
ABCDEFGHIJKLMNOPQRSTUVWXY
ABCDEFGHIJKLMNOPQRSTUVWXY
ABCDEFGHIJKLMNOPQRSTUVWXY
ABCDEFGHIJKLMNOPQRSTUVWXY
ABCDEFGHIJKLMNOPQRSTUVWXY
ABCDEFGHIJKLMNOPQRSTUVWXY
ABCDEFGHIJKLMNOPQRSTUVWXY
ABCDEFGHIJKLMNOPQRSTUVWXY
ABCDEFGHIJKLMNOPQRSTUVWXY
ABCDEFGHIJKLMNOPQRSTUVWXY
ABCDEFGHIJKLMNOPQRSTUVWXY
ABCDEFGHIJKLMNOPQRSTUVWXY
ABCDEFGHIJKLMNOPQRSTUVWXY
ABCDEFGHIJKLMNOPQRSTUVWXY
ABCDEFGHIJKLMNOPQRSTUVWXY
Case #87:
BC
DA
Case #88:
AA
Case #89:
ZZZZZZZZGOTTTTTTTTTTTTTTT
ZZZZZZZZGOTTTTTTTTTTTTTTT
ZZZZZZZZGOTTTTTTTTTTTTTTT
ZZZZZZZZGOTTTTTTTTTTTTTTT
ZZZZZZZZGOTTTTTTTTTTTTTTT
ZZZZZZZZGOTTTTTTTTTTTTTTT
ZZZZZZZZGOTTTTTTTTTTTTTTT
ZZZZZZZZGOTTTTTTTTTTTTTTT
ZZZZZZZZGOTTTTTTTTTTTTTTT
ZZZZZZZZGOTTTTTTTTTTTTTTT
ZZZZZZZZGOTTTTTTTTTTTTTTT
ZZZZZZZZGOTTTTTTTTTTTTTTT
ZZZZZZZZGOTTTTTTTTTTTTTTT
ZZZZZZZZGOTTTTTTTTTTTTTTT
ZZZZZZZZGOTTTTTTTTTTTTTTT
ZZZZZZZZGOTTTTTTTTTTTTTTT
ZZZZZZZZGOTTTTTTTTTTTTTTT
ZZZZZZZZGOFFCCCCCCCCCCCCC
ZZZZZZZZGOFFUUJREEEEEEEEE
IIIPYWBKGOHHUUJREEEEEEEEE
IIIPYWBKGOAAUUJREEEEEEEEE
IIIPYWBKGOAAUUJREEEEEEEEE
IIIPYSBVGOAAUUJREEEEEEEEE
IIIPYLBVMQAAUUJRXXXXXXXXX
IIIPYLBVDNAAUUJRXXXXXXXXX
Case #90:
ZZZZZZZZZZZZZZZZZZZZZZZZZ
KKKKKKKKKKKKKDDDDDDDDDDDJ
KKKKKKKKKKKKKDDDDDDDDDDDJ
KKKKKKKKKKKKKDDDDDDDDDDDJ
KKKKKKKKKKKKKDDDDDDDDDDDJ
BBBIIUECNNNVRROOOOOLPPPPJ
BBBIIUECNNNVRROOOOOLPPPPJ
BBBIIUECNNNVRROOOOOLPPPPJ
BBBIIUECNNNVRROOOOOLPPPPM
BBBIIUECNNNVRROOOOOLPPPPF
BBBIIUECNNNVRROOOOOLPPPPF
BBBIIUECNNNVRROOOOOLPPPPF
BBBIIUECNNNVRRYWWWALHHHHF
BBBIIUECNNNVRRYWWWALHHHHF
BBBIIUECNNNVRRYWWWALHHHHF
BBBIIUECNNNVRRYWWWALTSSSF
BBBIIUECNNNVRRYWWWALTSSSF
BBBIIUECNNNVRRYWWWALTSSSF
BBBIIUECNNNVRRYWWWALTSSSF
BBBIIUECNNNVRRYWWWAQTSSSF
BBBIIUECNNNVRRYWWWAQTSSSF
XGGIIUECNNNVRRYWWWAQTSSSF
XGGIIUECNNNVRRYWWWAQTSSSF
XGGIIUECNNNVRRYWWWAQTSSSF
XGGIIUECNNNVRRYWWWAQTSSSF
Case #91:
CCCJH
BAKFG
DAIEG
Case #92:
ANBOCPDQERFSGTHUIVJWKXLYM
ANBOCPDQERFSGTHUIVJWKXLYM
ZNBOCPDQERFSGTHUIVJWKXLYM
ZNBOCPDQERFSGTHUIVJWKXLYM
ZNBOCPDQERFSGTHUIVJWKXLYM
ZNBOCPDQERFSGTHUIVJWKXLYM
ZNBOCPDQERFSGTHUIVJWKXLYM
ZNBOCPDQERFSGTHUIVJWKXLYM
ZNBOCPDQERFSGTHUIVJWKXLYM
ZNBOCPDQERFSGTHUIVJWKXLYM
ZNBOCPDQERFSGTHUIVJWKXLYM
ZNBOCPDQERFSGTHUIVJWKXLYM
ZNBOCPDQERFSGTHUIVJWKXLYM
ZNBOCPDQERFSGTHUIVJWKXLYM
ZNBOCPDQERFSGTHUIVJWKXLYM
ZNBOCPDQERFSGTHUIVJWKXLYM
ZNBOCPDQERFSGTHUIVJWKXLYM
ZNBOCPDQERFSGTHUIVJWKXLYM
ZNBOCPDQERFSGTHUIVJWKXLYM
ZNBOCPDQERFSGTHUIVJWKXLYM
ZNBOCPDQERFSGTHUIVJWKXLYM
ZNBOCPDQERFSGTHUIVJWKXLYM
ZNBOCPDQERFSGTHUIVJWKXLYM
ZNBOCPDQERFSGTHUIVJWKXLYM
ZNBOCPDQERFSGTHUIVJWKXLYM
Case #93:
ZZZZZZZZZZZZZZZZZZZZNNXKK
ZZZZZZZZZZZZZZZZZZZZNNXKK
ZZZZZZZZZZZZZZZZZZZZNNXKK
ZZZZZZZZZZZZZZZZZZZZNNXKK
ZZZZZZZZZZZZZZZZZZZZNNXKK
ZZZZZZZZZZZZZZZZZZZZNNXKK
ZZZZZZZZZZZZZZZZZZZZNNXKK
ZZZZZZZZZZZZZZZZZZZZNNXKK
ZZZZZZZZZZZZZZZZZZZZSFXKK
LLLLLLLLLLLLLQDWRRVVSFXKK
LLLLLLLLLLLLLQDWRRVVSFXKK
LLLLLLLLLLLLLQDWRRVVSFXKK
LLLLLLLLLLLLLQDWRRVVSBXKK
LLLLLLLLLLLLLQDWRRVVSBXKK
LLLLLLLLLLLLLQDWRRVVSBXOT
LLLLLLLLLLLLLQDWIYEESMXOT
LLLLLLLLLLLLLQDWIYEESMXGT
LLLLLLLLLLLLLQDWIYEEHMXGC
LLLLLLLLLLLLLQDWIYEEHMXAC
LLLLLLLLLLLLLQDWIYUJHMXAC
LLLLLLLLLLLLLQDWIYUJHPXAC
LLLLLLLLLLLLLQDWIYUJHPXAC
LLLLLLLLLLLLLQDWIYUJHPXAC
LLLLLLLLLLLLLQDWIYUJHPXAC
LLLLLLLLLLLLLQDWIYUJHPXAC
Case #94:
AAAAAAAAAAAAAAAAAACDEEEEE
AAAAAAAAAAAAAAAAAACDEEEEE
AAAAAAAAAAAAAAAAAACDEEEEE
AAAAAAAAAAAAAAAAAACDEEEEE
AAAAAAAAAAAAAAAAAACDEEEEE
AAAAAAAAAAAAAAAAAACDEEEEE
AAAAAAAAAAAAAAAAAACDEEEEE
AAAAAAAAAAAAAAAAAACDEEEEE
AAAAAAAAAAAAAAAAAACDEEEEE
AAAAAAAAAAAAAAAAAACDEEEEE
AAAAAAAAAAAAAAAAAACDEEEEE
AAAAAAAAAAAAAAAAAACDEEEEE
AAAAAAAAAAAAAAAAAACDEEEEE
AAAAAAAAAAAAAAAAAACDEEEEE
AAAAAAAAAAAAAAAAAACDEEEEE
AAAAAAAAAAAAAAAAAACDEEEEE
AAAAAAAAAAAAAAAAAACDEEEEE
AAAAAAAAAAAAAAAAAACDEEEEE
BBBBBBBBBBBBBBBBBBCDEEEEE
BBBBBBBBBBBBBBBBBBCDEEEEE
BBBBBBBBBBBBBBBBBBCDEEEEE
BBBBBBBBBBBBBBBBBBCDEEEEE
BBBBBBBBBBBBBBBBBBCDEEEEE
BBBBBBBBBBBBBBBBBBCDEEEEE
BBBBBBBBBBBBBBBBBBCDEEEEE
Case #95:
KKKRDG
JNPRDO
CLPRDI
CLABDI
CHQEDI
MHQFDI
Case #96:
BBBB
JJJE
AIDF
AIGC
AIGH
AIGH
Case #97:
AAAAAAAAACDEEEEEEFFFFFGGG
AAAAAAAAACDEEEEEEFFFFFGGG
AAAAAAAAACDEEEEEEFFFFFGGG
AAAAAAAAACDEEEEEEFFFFFGGG
AAAAAAAAACDEEEEEEFFFFFGGG
AAAAAAAAACDEEEEEEFFFFFGGG
AAAAAAAAACDEEEEEEFFFFFGGG
AAAAAAAAACDEEEEEEFFFFFGGG
AAAAAAAAACDEEEEEEFFFFFGGG
AAAAAAAAACDEEEEEEFFFFFGGG
BBBBBBBBBCDEEEEEEFFFFFGGG
BBBBBBBBBCDEEEEEEFFFFFGGG
BBBBBBBBBCDEEEEEEFFFFFGGG
BBBBBBBBBCDEEEEEEFFFFFGGG
BBBBBBBBBCDEEEEEEHHHHHGGG
BBBBBBBBBCDEEEEEEHHHHHIII
BBBBBBBBBCDEEEEEEJJJJJIII
BBBBBBBBBCDEEEEEEJJJJJIII
BBBBBBBBBCDEEEEEEJJJJJIII
BBBBBBBBBCDEEEEEEJJJJJIII
BBBBBBBBBCDEEEEEEJJJJJIII
BBBBBBBBBCDEEEEEEJJJJJIII
BBBBBBBBBCDEEEEEEJJJJJIII
BBBBBBBBBCDEEEEEEJJJJJIII
BBBBBBBBBCDEEEEEEJJJJJIII
Case #98:
AAAAAAAAAABBBBBBBBBBBBBBB
AAAAAAAAAABBBBBBBBBBBBBBB
AAAAAAAAAABBBBBBBBBBBBBBB
AAAAAAAAAABBBBBBBBBBBBBBB
AAAAAAAAAABBBBBBBBBBBBBBB
AAAAAAAAAABBBBBBBBBBBBBBB
AAAAAAAAAABBBBBBBBBBBBBBB
AAAAAAAAAABBBBBBBBBBBBBBB
AAAAAAAAAABBBBBBBBBBBBBBB
AAAAAAAAAABBBBBBBBBBBBBBB
CCCCCCCCCCBBBBBBBBBBBBBBB
CCCCCCCCCCDDDDDDDDDDDDDDD
EEEEEEEEEEDDDDDDDDDDDDDDD
EEEEEEEEEEDDDDDDDDDDDDDDD
EEEEEEEEEEDDDDDDDDDDDDDDD
EEEEEEEEEEDDDDDDDDDDDDDDD
EEEEEEEEEEDDDDDDDDDDDDDDD
EEEEEEEEEEDDDDDDDDDDDDDDD
EEEEEEEEEEDDDDDDDDDDDDDDD
EEEEEEEEEEDDDDDDDDDDDDDDD
EEEEEEEEEEDDDDDDDDDDDDDDD
EEEEEEEEEEDDDDDDDDDDDDDDD
EEEEEEEEEEDDDDDDDDDDDDDDD
EEEEEEEEEEDDDDDDDDDDDDDDD
EEEEEEEEEEDDDDDDDDDDDDDDD
Case #99:
NEFFFFFFFFFFFFFFFFFFFFFFF
NEFFFFFFFFFFFFFFFFFFFFFFF
NEFFFFFFFFFFFFFFFFFFFFFFF
NEFFFFFFFFFFFFFFFFFFFFFFF
NEFFFFFFFFFFFFFFFFFFFFFFF
NEFFFFFFFFFFFFFFFFFFFFFFF
NEFFFFFFFFFFFFFFFFFFFFFFF
NEFFFFFFFFFFFFFFFFFFFFFFF
NEFFFFFFFFFFFFFFFFFFFFFFF
NEFFFFFFFFFFFFFFFFFFFFFFF
NEFFFFFFFFFFFFFFFFFFFFFFF
NEFFFFFFFFFFFFFFFFFFFFFFF
GLFFFFFFFFFFFFFFFFFFFFFFF
GLWIRRRRRRRRRRRRRRRRRRRRR
GCWSOMYYYYYYYYYYYYYYYYYYY
GAWSOMYYYYYYYYYYYYYYYYYYY
GAWSHDYYYYYYYYYYYYYYYYYYY
ZQUPHDYYYYYYYYYYYYYYYYYYY
BQUJVDYYYYYYYYYYYYYYYYYYY
BTXJVDYYYYYYYYYYYYYYYYYYY
BKXJVDYYYYYYYYYYYYYYYYYYY
BKXJVDYYYYYYYYYYYYYYYYYYY
BKXJVDYYYYYYYYYYYYYYYYYYY
BKXJVDYYYYYYYYYYYYYYYYYYY
BKXJVDYYYYYYYYYYYYYYYYYYY
Case #100:
PP
BU
ZU
RC
OC
AS
AS
HS
WD
WE
MK
MK
QL
GL
GL
GT
JX
YX
YX
YV
YV
YI
YI
YI
FN