Case #1: 2
Case #2: 1
Case #3: IMPOSSIBLE
Case #4: 1 2
Case #5: 2 3
Case #6: 2 14
Case #7: 2 3 4 5 6 7 8 9 10 11 12 13 14 15 16 17 18 19 20 21 22 23 24 25 26 80798284478088 80798284478089 80798284478090 80798284478091 80798284478092 80798284478093 80798284478094 80798284478095 80798284478096 80798284478097 80798284478098 80798284478099 80798284478100 80798284478101 80798284478102 80798284478103 80798284478104 80798284478105 80798284478106 80798284478107 80798284478108 80798284478109 80798284478110 80798284478111
Case #8: 1
Case #9: 2 3 4 5 6 7 8 9 10 11 12 5489031733 5489031734 5489031735 5489031736 5489031737 5489031738 5489031739 5489031740 5489031741 5489031742
Case #10: 1 2 3 4 5 6 7 8 9 10 11 12 13 14 15 16 17 18 19 20 21 22 23 24 25 26 27 28 29 30 31 32 33 34 35 36 37 38 39 40 41 42 43 44 45 46 47 48 49 50 51 52 53 54 55 56 57 58 59 60 61 62 63 64 65 66 67 68 69 70 71 72 73 74 75 76 77 78 79 80 81 82 83 84 85 86 87 88 89 90 91 92 93 94 95 96 97 98 99 100
Case #11: IMPOSSIBLE
Case #12: 1
Case #13: IMPOSSIBLE
Case #14: IMPOSSIBLE
Case #15: IMPOSSIBLE
Case #16: IMPOSSIBLE
Case #17: 1
Case #18: 1
Case #19: IMPOSSIBLE
Case #20: IMPOSSIBLE
Case #21: 1
Case #22: 2 3 4 5 6 7 8 618 619 620 621 622 623
Case #23: 2
Case #24: 2
Case #25: IMPOSSIBLE
Case #26: 2 3 4 5 6 7 8 9 10 11 12 13 14 15 16 17 18 19 20 21 22 23 24 25 26 832972004904 832972004905 832972004906 832972004907 832972004908 832972004909 832972004910 832972004911 832972004912 832972004913 832972004914 832972004915 832972004916 832972004917 832972004918 832972004919 832972004920 832972004921 832972004922 832972004923 832972004924 832972004925 832972004926 832972004927
Case #27: IMPOSSIBLE
Case #28: 2
Case #29: 2 3 4 5 6 7 8 9 10 11 12 13 14 15 9150610 9150611 9150612 9150613 9150614 9150615 9150616 9150617 9150618 9150619 9150620 9150621 9150622 9150623
Case #30: 2 3 4 5 6 7 8 9 10 11 12 13 14 15 16 215984 215985 215986 215987 215988 215989 215990 215991 215992 215993 215994 215995 215996 215997 215998
Case #31: IMPOSSIBLE
Case #32: 2 3
Case #33: 2
Case #34: IMPOSSIBLE
Case #35: IMPOSSIBLE
Case #36: 2 3 4 5 6 7 8 9 10 11 12 13 14 15 16 17 18 19 20 21 511979 511980 511981 511982 511983 511984 511985 511986 511987 511988 511989 511990 511991 511992 511993 511994 511995 511996 511997 511998
Case #37: 1
Case #38: 1
Case #39: IMPOSSIBLE
Case #40: IMPOSSIBLE
Case #41: 2
Case #42: 1
Case #43: 1
Case #44: 1
Case #45: IMPOSSIBLE
Case #46: IMPOSSIBLE
Case #47: 1 2 3 4
Case #48: IMPOSSIBLE
Case #49: 1
Case #50: IMPOSSIBLE
Case #51: IMPOSSIBLE
Case #52: IMPOSSIBLE
Case #53: IMPOSSIBLE
Case #54: IMPOSSIBLE
Case #55: IMPOSSIBLE
Case #56: IMPOSSIBLE
Case #57: IMPOSSIBLE
Case #58: IMPOSSIBLE
Case #59: 2 3 4 5 6 7 8 9 10 11 12 13 14 15 16 17 18 19 20 21 22 23 24 25 26 9974 9975 9976 9977 9978 9979 9980 9981 9982 9983 9984 9985 9986 9987 9988 9989 9990 9991 9992 9993 9994 9995 9996 9997 9998
Case #60: 2 3 4 5
Case #61: IMPOSSIBLE
Case #62: IMPOSSIBLE
Case #63: 2 3 4 5 6 7 8 9 12200509765705820
Case #64: IMPOSSIBLE
Case #65: IMPOSSIBLE
Case #66: 2 3 13841287198 13841287199
Case #67: IMPOSSIBLE
Case #68: IMPOSSIBLE
Case #69: 1
Case #70: 1 2 3 4 5 6 7 8 9 10 11 12 13 14 15 16 17 18 19 20 21 22 23 24 25 26 27 28 29 30 31 32 33 34 35 36 37 38 39 40 41 42 43 44 45 46 47 48 49 50 51 52 53 54 55 56 57 58 59 60 61 62 63 64 65 66 67 68 69 70 71 72 73 74 75 76 77 78 79 80 81
Case #71: IMPOSSIBLE
Case #72: 2 3 4 5 6 7 8 9 36028797018963960
Case #73: 2 3 4 5 6 7 8 9 809992 809993 809994 809995 809996 809997 809998
Case #74: 1
Case #75: 2 3 4 5 6 7 8 9 10 101559956668406 101559956668407 101559956668408 101559956668409 101559956668410 101559956668411 101559956668412 101559956668413 101559956668414
Case #76: 1 2 3 4 5 6 7 8 9 10 11 12 13 14 15 16 17 18 19 20 21 22 23 24 25 26 27 28
Case #77: IMPOSSIBLE
Case #78: IMPOSSIBLE
Case #79: 2 3 4 5 6 7 8 9 10 11 3512479453911 3512479453912 3512479453913 3512479453914 3512479453915 3512479453916 3512479453917 3512479453918 3512479453919
Case #80: IMPOSSIBLE
Case #81: IMPOSSIBLE
Case #82: IMPOSSIBLE
Case #83: IMPOSSIBLE
Case #84: 1 2 3
Case #85: IMPOSSIBLE
Case #86: IMPOSSIBLE
Case #87: 2 3 4 999999999997 999999999998
Case #88: IMPOSSIBLE
Case #89: IMPOSSIBLE
Case #90: 2 62
Case #91: IMPOSSIBLE
Case #92: 2 3 281474976710653 281474976710654
Case #93: IMPOSSIBLE
Case #94: 1
Case #95: 2 3 4 5 6 7 8 9 10 11 12 13 14 15 16 17 18 75418890608 75418890609 75418890610 75418890611 75418890612 75418890613 75418890614 75418890615 75418890616 75418890617 75418890618 75418890619 75418890620 75418890621 75418890622 75418890623
Case #96: IMPOSSIBLE
Case #97: IMPOSSIBLE
Case #98: IMPOSSIBLE
Case #99: IMPOSSIBLE
Case #100: IMPOSSIBLE